This file contains any messages produced by compilers while
running configure, to aid debugging if configure makes a mistake.

It was created by stunnel configure 4.52, which was
generated by GNU Autoconf 2.67.  Invocation command line was

  $ ./configure 

## --------- ##
## Platform. ##
## --------- ##

hostname = CV-LT38
uname -m = x86_64
uname -r = 3.0.0-15-generic
uname -s = Linux
uname -v = #26-Ubuntu SMP Fri Jan 20 17:23:00 UTC 2012

/usr/bin/uname -p = unknown
/bin/uname -X     = unknown

/bin/arch              = unknown
/usr/bin/arch -k       = unknown
/usr/convex/getsysinfo = unknown
/usr/bin/hostinfo      = unknown
/bin/machine           = unknown
/usr/bin/oslevel       = unknown
/bin/universe          = unknown

PATH: /usr/lib/lightdm/lightdm
PATH: /usr/local/sbin
PATH: /usr/local/bin
PATH: /usr/sbin
PATH: /usr/bin
PATH: /sbin
PATH: /bin
PATH: /usr/games


## ----------- ##
## Core tests. ##
## ----------- ##

configure:2606: **************************************** initialization
configure:2654: checking for a BSD-compatible install
configure:2722: result: /usr/bin/install -c
configure:2733: checking whether build environment is sane
configure:2783: result: yes
configure:2924: checking for a thread-safe mkdir -p
configure:2963: result: /bin/mkdir -p
configure:2976: checking for gawk
configure:2992: found /usr/bin/gawk
configure:3003: result: gawk
configure:3014: checking whether make sets $(MAKE)
configure:3036: result: yes
configure:3127: checking build system type
configure:3141: result: x86_64-unknown-linux-gnu
configure:3161: checking host system type
configure:3174: result: x86_64-unknown-linux-gnu
configure:3262: checking for gcc
configure:3278: found /usr/bin/gcc
configure:3289: result: gcc
configure:3518: checking for C compiler version
configure:3527: gcc --version >&5
gcc (Ubuntu/Linaro 4.4.6-11ubuntu2) 4.4.6
Copyright (C) 2010 Free Software Foundation, Inc.
This is free software; see the source for copying conditions.  There is NO
warranty; not even for MERCHANTABILITY or FITNESS FOR A PARTICULAR PURPOSE.

configure:3538: $? = 0
configure:3527: gcc -v >&5
Using built-in specs.
Target: x86_64-linux-gnu
Configured with: ../src/configure -v --with-pkgversion='Ubuntu/Linaro 4.4.6-11ubuntu2' --with-bugurl=file:///usr/share/doc/gcc-4.4/README.Bugs --enable-languages=c,c++,fortran,objc,obj-c++ --prefix=/usr --program-suffix=-4.4 --enable-shared --enable-linker-build-id --with-system-zlib --libexecdir=/usr/lib --without-included-gettext --enable-threads=posix --with-gxx-include-dir=/usr/include/c++/4.4 --libdir=/usr/lib --enable-nls --with-sysroot=/ --enable-clocale=gnu --enable-libstdcxx-debug --enable-objc-gc --disable-werror --with-arch-32=i686 --with-tune=generic --enable-checking=release --build=x86_64-linux-gnu --host=x86_64-linux-gnu --target=x86_64-linux-gnu
Thread model: posix
gcc version 4.4.6 (Ubuntu/Linaro 4.4.6-11ubuntu2) 
configure:3538: $? = 0
configure:3527: gcc -V >&5
gcc: '-V' option must have argument
configure:3538: $? = 1
configure:3527: gcc -qversion >&5
gcc: unrecognized option '-qversion'
gcc: no input files
configure:3538: $? = 1
configure:3558: checking whether the C compiler works
configure:3580: gcc    conftest.c  >&5
configure:3584: $? = 0
configure:3632: result: yes
configure:3635: checking for C compiler default output file name
configure:3637: result: a.out
configure:3643: checking for suffix of executables
configure:3650: gcc -o conftest    conftest.c  >&5
configure:3654: $? = 0
configure:3676: result: 
configure:3698: checking whether we are cross compiling
configure:3706: gcc -o conftest    conftest.c  >&5
configure:3710: $? = 0
configure:3717: ./conftest
configure:3721: $? = 0
configure:3736: result: no
configure:3741: checking for suffix of object files
configure:3763: gcc -c   conftest.c >&5
configure:3767: $? = 0
configure:3788: result: o
configure:3792: checking whether we are using the GNU C compiler
configure:3811: gcc -c   conftest.c >&5
configure:3811: $? = 0
configure:3820: result: yes
configure:3829: checking whether gcc accepts -g
configure:3849: gcc -c -g  conftest.c >&5
configure:3849: $? = 0
configure:3890: result: yes
configure:3907: checking for gcc option to accept ISO C89
configure:3971: gcc  -c -g -O2  conftest.c >&5
configure:3971: $? = 0
configure:3984: result: none needed
configure:4015: checking for style of include used by make
configure:4043: result: GNU
configure:4068: checking dependency style of gcc
configure:4178: result: gcc3
configure:4194: checking whether gcc and cc understand -c and -o together
configure:4225: gcc -c conftest.c -o conftest2.o >&5
configure:4229: $? = 0
configure:4235: gcc -c conftest.c -o conftest2.o >&5
configure:4239: $? = 0
configure:4250: cc -c conftest.c >&5
configure:4254: $? = 0
configure:4262: cc -c conftest.c -o conftest2.o >&5
configure:4266: $? = 0
configure:4272: cc -c conftest.c -o conftest2.o >&5
configure:4276: $? = 0
configure:4294: result: yes
configure:4320: checking whether make sets $(MAKE)
configure:4342: result: yes
configure:4358: **************************************** compiler/linker flags
configure:4362: checking whether gcc accepts -pthread
configure:4371: gcc -o conftest -g -O2 -pthread   -pthread conftest.c  >&5
configure:4371: $? = 0
configure:4373: result: yes
configure:4390: checking whether gcc accepts -fstack-protector
configure:4398: gcc -o conftest -g -O2 -fstack-protector   -fstack-protector conftest.c  >&5
configure:4398: $? = 0
configure:4400: result: yes
configure:4417: checking whether gcc accepts -Wall
configure:4424: gcc -o conftest -g -O2 -Wall   conftest.c  >&5
configure:4424: $? = 0
configure:4425: result: yes
configure:4434: checking whether gcc accepts -Wextra
configure:4441: gcc -o conftest -g -O2 -Wall -Wextra   conftest.c  >&5
configure:4441: $? = 0
configure:4442: result: yes
configure:4451: checking whether gcc accepts -Wno-long-long
configure:4458: gcc -o conftest -g -O2 -Wall -Wextra -Wno-long-long   conftest.c  >&5
configure:4458: $? = 0
configure:4459: result: yes
configure:4468: checking whether gcc accepts -pedantic
configure:4475: gcc -o conftest -g -O2 -Wall -Wextra -Wno-long-long -pedantic   conftest.c  >&5
configure:4475: $? = 0
configure:4476: result: yes
configure:4485: **************************************** libtool
configure:4512: checking for a sed that does not truncate output
configure:4576: result: /bin/sed
configure:4594: checking for grep that handles long lines and -e
configure:4652: result: /bin/grep
configure:4657: checking for egrep
configure:4719: result: /bin/grep -E
configure:4724: checking for fgrep
configure:4786: result: /bin/grep -F
configure:4821: checking for ld used by gcc
configure:4888: result: /usr/bin/ld
configure:4895: checking if the linker (/usr/bin/ld) is GNU ld
configure:4910: result: yes
configure:4922: checking for BSD- or MS-compatible name lister (nm)
configure:4971: result: /usr/bin/nm -B
configure:5089: checking the name lister (/usr/bin/nm -B) interface
configure:5096: gcc -c -g -O2 -Wall -Wextra -Wno-long-long -pedantic  conftest.c >&5
configure:5099: /usr/bin/nm -B "conftest.o"
configure:5102: output
0000000000000000 B some_variable
configure:5109: result: BSD nm
configure:5112: checking whether ln -s works
configure:5116: result: yes
configure:5124: checking the maximum length of command line arguments
configure:5244: result: 1572864
configure:5261: checking whether the shell understands some XSI constructs
configure:5271: result: yes
configure:5275: checking whether the shell understands "+="
configure:5281: result: yes
configure:5316: checking for /usr/bin/ld option to reload object files
configure:5323: result: -r
configure:5392: checking for objdump
configure:5408: found /usr/bin/objdump
configure:5419: result: objdump
configure:5451: checking how to recognize dependent libraries
configure:5647: result: pass_all
configure:5707: checking for ar
configure:5723: found /usr/bin/ar
configure:5734: result: ar
configure:5812: checking for strip
configure:5828: found /usr/bin/strip
configure:5839: result: strip
configure:5911: checking for ranlib
configure:5927: found /usr/bin/ranlib
configure:5938: result: ranlib
configure:6028: checking command to parse /usr/bin/nm -B output from gcc object
configure:6146: gcc -c -g -O2 -Wall -Wextra -Wno-long-long -pedantic  conftest.c >&5
configure:6149: $? = 0
configure:6153: /usr/bin/nm -B conftest.o \| sed -n -e 's/^.*[	 ]\([ABCDGIRSTW][ABCDGIRSTW]*\)[	 ][	 ]*\([_A-Za-z][_A-Za-z0-9]*\)$/\1 \2 \2/p' \> conftest.nm
configure:6156: $? = 0
configure:6210: gcc -o conftest -g -O2 -Wall -Wextra -Wno-long-long -pedantic   conftest.c conftstm.o >&5
conftest.c:17: warning: ISO C forbids conversion of function pointer to object pointer type
configure:6213: $? = 0
configure:6251: result: ok
configure:6346: gcc -c -g -O2 -Wall -Wextra -Wno-long-long -pedantic  conftest.c >&5
configure:6349: $? = 0
configure:7059: checking how to run the C preprocessor
configure:7090: gcc -E  conftest.c
configure:7090: $? = 0
configure:7104: gcc -E  conftest.c
conftest.c:16: fatal error: ac_nonexistent.h: No such file or directory
compilation terminated.
configure:7104: $? = 1
configure: failed program was:
| /* confdefs.h */
| #define PACKAGE_NAME "stunnel"
| #define PACKAGE_TARNAME "stunnel"
| #define PACKAGE_VERSION "4.52"
| #define PACKAGE_STRING "stunnel 4.52"
| #define PACKAGE_BUGREPORT ""
| #define PACKAGE_URL ""
| #define PACKAGE "stunnel"
| #define VERSION "4.52"
| #define _GNU_SOURCE 1
| #define HOST "x86_64-unknown-linux-gnu"
| #define CPU_X86_64 1
| #define VENDOR_UNKNOWN 1
| #define OS_LINUX_GNU 1
| /* end confdefs.h.  */
| #include <ac_nonexistent.h>
configure:7129: result: gcc -E
configure:7149: gcc -E  conftest.c
configure:7149: $? = 0
configure:7163: gcc -E  conftest.c
conftest.c:16: fatal error: ac_nonexistent.h: No such file or directory
compilation terminated.
configure:7163: $? = 1
configure: failed program was:
| /* confdefs.h */
| #define PACKAGE_NAME "stunnel"
| #define PACKAGE_TARNAME "stunnel"
| #define PACKAGE_VERSION "4.52"
| #define PACKAGE_STRING "stunnel 4.52"
| #define PACKAGE_BUGREPORT ""
| #define PACKAGE_URL ""
| #define PACKAGE "stunnel"
| #define VERSION "4.52"
| #define _GNU_SOURCE 1
| #define HOST "x86_64-unknown-linux-gnu"
| #define CPU_X86_64 1
| #define VENDOR_UNKNOWN 1
| #define OS_LINUX_GNU 1
| /* end confdefs.h.  */
| #include <ac_nonexistent.h>
configure:7192: checking for ANSI C header files
configure:7212: gcc -c -g -O2 -Wall -Wextra -Wno-long-long -pedantic  conftest.c >&5
configure:7212: $? = 0
configure:7285: gcc -o conftest -g -O2 -Wall -Wextra -Wno-long-long -pedantic   conftest.c  >&5
configure:7285: $? = 0
configure:7285: ./conftest
configure:7285: $? = 0
configure:7296: result: yes
configure:7309: checking for sys/types.h
configure:7309: gcc -c -g -O2 -Wall -Wextra -Wno-long-long -pedantic  conftest.c >&5
configure:7309: $? = 0
configure:7309: result: yes
configure:7309: checking for sys/stat.h
configure:7309: gcc -c -g -O2 -Wall -Wextra -Wno-long-long -pedantic  conftest.c >&5
configure:7309: $? = 0
configure:7309: result: yes
configure:7309: checking for stdlib.h
configure:7309: gcc -c -g -O2 -Wall -Wextra -Wno-long-long -pedantic  conftest.c >&5
configure:7309: $? = 0
configure:7309: result: yes
configure:7309: checking for string.h
configure:7309: gcc -c -g -O2 -Wall -Wextra -Wno-long-long -pedantic  conftest.c >&5
configure:7309: $? = 0
configure:7309: result: yes
configure:7309: checking for memory.h
configure:7309: gcc -c -g -O2 -Wall -Wextra -Wno-long-long -pedantic  conftest.c >&5
configure:7309: $? = 0
configure:7309: result: yes
configure:7309: checking for strings.h
configure:7309: gcc -c -g -O2 -Wall -Wextra -Wno-long-long -pedantic  conftest.c >&5
configure:7309: $? = 0
configure:7309: result: yes
configure:7309: checking for inttypes.h
configure:7309: gcc -c -g -O2 -Wall -Wextra -Wno-long-long -pedantic  conftest.c >&5
configure:7309: $? = 0
configure:7309: result: yes
configure:7309: checking for stdint.h
configure:7309: gcc -c -g -O2 -Wall -Wextra -Wno-long-long -pedantic  conftest.c >&5
configure:7309: $? = 0
configure:7309: result: yes
configure:7309: checking for unistd.h
configure:7309: gcc -c -g -O2 -Wall -Wextra -Wno-long-long -pedantic  conftest.c >&5
configure:7309: $? = 0
configure:7309: result: yes
configure:7323: checking for dlfcn.h
configure:7323: gcc -c -g -O2 -Wall -Wextra -Wno-long-long -pedantic  conftest.c >&5
configure:7323: $? = 0
configure:7323: result: yes
configure:7506: checking for objdir
configure:7521: result: .libs
configure:7817: checking if gcc supports -fno-rtti -fno-exceptions
configure:7835: gcc -c -g -O2 -Wall -Wextra -Wno-long-long -pedantic  -fno-rtti -fno-exceptions conftest.c >&5
cc1: warning: command line option "-fno-rtti" is valid for C++/ObjC++ but not for C
configure:7839: $? = 0
configure:7852: result: no
configure:7872: checking for gcc option to produce PIC
configure:8144: result: -fPIC -DPIC
configure:8156: checking if gcc PIC flag -fPIC -DPIC works
configure:8174: gcc -c -g -O2 -Wall -Wextra -Wno-long-long -pedantic  -fPIC -DPIC -DPIC conftest.c >&5
configure:8178: $? = 0
configure:8191: result: yes
configure:8215: checking if gcc static flag -static works
configure:8243: result: yes
configure:8258: checking if gcc supports -c -o file.o
configure:8279: gcc -c -g -O2 -Wall -Wextra -Wno-long-long -pedantic  -o out/conftest2.o conftest.c >&5
configure:8283: $? = 0
configure:8305: result: yes
configure:8313: checking if gcc supports -c -o file.o
configure:8360: result: yes
configure:8393: checking whether the gcc linker (/usr/bin/ld -m elf_x86_64) supports shared libraries
configure:9384: result: yes
configure:9421: checking whether -lc should be explicitly linked in
configure:9426: gcc -c -g -O2 -Wall -Wextra -Wno-long-long -pedantic  conftest.c >&5
configure:9429: $? = 0
configure:9444: gcc -shared conftest.o  -v -Wl,-soname -Wl,conftest -o conftest 2\>\&1 \| /bin/grep  -lc  \>/dev/null 2\>\&1
configure:9447: $? = 0
configure:9459: result: no
configure:9623: checking dynamic linker characteristics
configure:10056: gcc -o conftest -g -O2 -Wall -Wextra -Wno-long-long -pedantic   -Wl,-rpath -Wl,/foo conftest.c  >&5
configure:10056: $? = 0
configure:10286: result: GNU/Linux ld.so
configure:10388: checking how to hardcode library paths into programs
configure:10413: result: immediate
configure:10933: checking whether stripping libraries is possible
configure:10938: result: yes
configure:10973: checking if libtool supports shared libraries
configure:10975: result: yes
configure:10978: checking whether to build shared libraries
configure:10999: result: yes
configure:11002: checking whether to build static libraries
configure:11006: result: no
configure:11043: **************************************** types
configure:11049: checking size of unsigned char
configure:11054: gcc -o conftest -g -O2 -Wall -Wextra -Wno-long-long -pedantic   conftest.c  >&5
configure:11054: $? = 0
configure:11054: ./conftest
configure:11054: $? = 0
configure:11068: result: 1
configure:11082: checking size of unsigned short
configure:11087: gcc -o conftest -g -O2 -Wall -Wextra -Wno-long-long -pedantic   conftest.c  >&5
configure:11087: $? = 0
configure:11087: ./conftest
configure:11087: $? = 0
configure:11101: result: 2
configure:11115: checking size of unsigned int
configure:11120: gcc -o conftest -g -O2 -Wall -Wextra -Wno-long-long -pedantic   conftest.c  >&5
configure:11120: $? = 0
configure:11120: ./conftest
configure:11120: $? = 0
configure:11134: result: 4
configure:11148: checking size of unsigned long
configure:11153: gcc -o conftest -g -O2 -Wall -Wextra -Wno-long-long -pedantic   conftest.c  >&5
configure:11153: $? = 0
configure:11153: ./conftest
configure:11153: $? = 0
configure:11167: result: 8
configure:11178: checking for socklen_t
configure:11187: result: yes
configure:11199: checking for struct sockaddr_un
configure:11199: gcc -c -g -O2 -Wall -Wextra -Wno-long-long -pedantic  conftest.c >&5
configure:11199: $? = 0
configure:11199: gcc -c -g -O2 -Wall -Wextra -Wno-long-long -pedantic  conftest.c >&5
conftest.c: In function 'main':
conftest.c:37: error: expected expression before ')' token
configure:11199: $? = 1
configure: failed program was:
| /* confdefs.h */
| #define PACKAGE_NAME "stunnel"
| #define PACKAGE_TARNAME "stunnel"
| #define PACKAGE_VERSION "4.52"
| #define PACKAGE_STRING "stunnel 4.52"
| #define PACKAGE_BUGREPORT ""
| #define PACKAGE_URL ""
| #define PACKAGE "stunnel"
| #define VERSION "4.52"
| #define _GNU_SOURCE 1
| #define HOST "x86_64-unknown-linux-gnu"
| #define CPU_X86_64 1
| #define VENDOR_UNKNOWN 1
| #define OS_LINUX_GNU 1
| #define STDC_HEADERS 1
| #define HAVE_SYS_TYPES_H 1
| #define HAVE_SYS_STAT_H 1
| #define HAVE_STDLIB_H 1
| #define HAVE_STRING_H 1
| #define HAVE_MEMORY_H 1
| #define HAVE_STRINGS_H 1
| #define HAVE_INTTYPES_H 1
| #define HAVE_STDINT_H 1
| #define HAVE_UNISTD_H 1
| #define HAVE_DLFCN_H 1
| #define LT_OBJDIR ".libs/"
| #define SIZEOF_UNSIGNED_CHAR 1
| #define SIZEOF_UNSIGNED_SHORT 2
| #define SIZEOF_UNSIGNED_INT 4
| #define SIZEOF_UNSIGNED_LONG 8
| /* end confdefs.h.  */
| #include <sys/un.h>
| 
| int
| main ()
| {
| if (sizeof ((struct sockaddr_un)))
| 	    return 0;
|   ;
|   return 0;
| }
configure:11199: result: yes
configure:11210: checking for struct addrinfo
configure:11210: gcc -c -g -O2 -Wall -Wextra -Wno-long-long -pedantic  conftest.c >&5
configure:11210: $? = 0
configure:11210: gcc -c -g -O2 -Wall -Wextra -Wno-long-long -pedantic  conftest.c >&5
conftest.c: In function 'main':
conftest.c:38: error: expected expression before ')' token
configure:11210: $? = 1
configure: failed program was:
| /* confdefs.h */
| #define PACKAGE_NAME "stunnel"
| #define PACKAGE_TARNAME "stunnel"
| #define PACKAGE_VERSION "4.52"
| #define PACKAGE_STRING "stunnel 4.52"
| #define PACKAGE_BUGREPORT ""
| #define PACKAGE_URL ""
| #define PACKAGE "stunnel"
| #define VERSION "4.52"
| #define _GNU_SOURCE 1
| #define HOST "x86_64-unknown-linux-gnu"
| #define CPU_X86_64 1
| #define VENDOR_UNKNOWN 1
| #define OS_LINUX_GNU 1
| #define STDC_HEADERS 1
| #define HAVE_SYS_TYPES_H 1
| #define HAVE_SYS_STAT_H 1
| #define HAVE_STDLIB_H 1
| #define HAVE_STRING_H 1
| #define HAVE_MEMORY_H 1
| #define HAVE_STRINGS_H 1
| #define HAVE_INTTYPES_H 1
| #define HAVE_STDINT_H 1
| #define HAVE_UNISTD_H 1
| #define HAVE_DLFCN_H 1
| #define LT_OBJDIR ".libs/"
| #define SIZEOF_UNSIGNED_CHAR 1
| #define SIZEOF_UNSIGNED_SHORT 2
| #define SIZEOF_UNSIGNED_INT 4
| #define SIZEOF_UNSIGNED_LONG 8
| #define HAVE_STRUCT_SOCKADDR_UN 1
| /* end confdefs.h.  */
| #include <netdb.h>
| 
| int
| main ()
| {
| if (sizeof ((struct addrinfo)))
| 	    return 0;
|   ;
|   return 0;
| }
configure:11210: result: yes
configure:11222: **************************************** PTY device files
configure:11226: checking for "/dev/ptmx"
configure:11240: result: yes
configure:11249: checking for "/dev/ptc"
configure:11263: result: no
configure:11276: **************************************** entropy sources
configure:11304: checking for "/dev/urandom"
configure:11318: result: yes
configure:11341: **************************************** default group
configure:11350: checking for default group
configure:11352: result: nogroup
configure:11356: **************************************** header files
configure:11364: checking ucontext.h usability
configure:11364: gcc -c -g -O2 -Wall -Wextra -Wno-long-long -pedantic  conftest.c >&5
configure:11364: $? = 0
configure:11364: result: yes
configure:11364: checking ucontext.h presence
configure:11364: gcc -E  conftest.c
configure:11364: $? = 0
configure:11364: result: yes
configure:11364: checking for ucontext.h
configure:11364: result: yes
configure:11364: checking pthread.h usability
configure:11364: gcc -c -g -O2 -Wall -Wextra -Wno-long-long -pedantic  conftest.c >&5
configure:11364: $? = 0
configure:11364: result: yes
configure:11364: checking pthread.h presence
configure:11364: gcc -E  conftest.c
configure:11364: $? = 0
configure:11364: result: yes
configure:11364: checking for pthread.h
configure:11364: result: yes
configure:11364: checking poll.h usability
configure:11364: gcc -c -g -O2 -Wall -Wextra -Wno-long-long -pedantic  conftest.c >&5
configure:11364: $? = 0
configure:11364: result: yes
configure:11364: checking poll.h presence
configure:11364: gcc -E  conftest.c
configure:11364: $? = 0
configure:11364: result: yes
configure:11364: checking for poll.h
configure:11364: result: yes
configure:11364: checking tcpd.h usability
configure:11364: gcc -c -g -O2 -Wall -Wextra -Wno-long-long -pedantic  conftest.c >&5
conftest.c:72: fatal error: tcpd.h: No such file or directory
compilation terminated.
configure:11364: $? = 1
configure: failed program was:
| /* confdefs.h */
| #define PACKAGE_NAME "stunnel"
| #define PACKAGE_TARNAME "stunnel"
| #define PACKAGE_VERSION "4.52"
| #define PACKAGE_STRING "stunnel 4.52"
| #define PACKAGE_BUGREPORT ""
| #define PACKAGE_URL ""
| #define PACKAGE "stunnel"
| #define VERSION "4.52"
| #define _GNU_SOURCE 1
| #define HOST "x86_64-unknown-linux-gnu"
| #define CPU_X86_64 1
| #define VENDOR_UNKNOWN 1
| #define OS_LINUX_GNU 1
| #define STDC_HEADERS 1
| #define HAVE_SYS_TYPES_H 1
| #define HAVE_SYS_STAT_H 1
| #define HAVE_STDLIB_H 1
| #define HAVE_STRING_H 1
| #define HAVE_MEMORY_H 1
| #define HAVE_STRINGS_H 1
| #define HAVE_INTTYPES_H 1
| #define HAVE_STDINT_H 1
| #define HAVE_UNISTD_H 1
| #define HAVE_DLFCN_H 1
| #define LT_OBJDIR ".libs/"
| #define SIZEOF_UNSIGNED_CHAR 1
| #define SIZEOF_UNSIGNED_SHORT 2
| #define SIZEOF_UNSIGNED_INT 4
| #define SIZEOF_UNSIGNED_LONG 8
| #define HAVE_STRUCT_SOCKADDR_UN 1
| #define HAVE_STRUCT_ADDRINFO 1
| #define HAVE_DEV_PTMX 1
| #define RANDOM_FILE "/dev/urandom"
| #define HAVE_UCONTEXT_H 1
| #define HAVE_PTHREAD_H 1
| #define HAVE_POLL_H 1
| /* end confdefs.h.  */
| #include <stdio.h>
| #ifdef HAVE_SYS_TYPES_H
| # include <sys/types.h>
| #endif
| #ifdef HAVE_SYS_STAT_H
| # include <sys/stat.h>
| #endif
| #ifdef STDC_HEADERS
| # include <stdlib.h>
| # include <stddef.h>
| #else
| # ifdef HAVE_STDLIB_H
| #  include <stdlib.h>
| # endif
| #endif
| #ifdef HAVE_STRING_H
| # if !defined STDC_HEADERS && defined HAVE_MEMORY_H
| #  include <memory.h>
| # endif
| # include <string.h>
| #endif
| #ifdef HAVE_STRINGS_H
| # include <strings.h>
| #endif
| #ifdef HAVE_INTTYPES_H
| # include <inttypes.h>
| #endif
| #ifdef HAVE_STDINT_H
| # include <stdint.h>
| #endif
| #ifdef HAVE_UNISTD_H
| # include <unistd.h>
| #endif
| #include <tcpd.h>
configure:11364: result: no
configure:11364: checking tcpd.h presence
configure:11364: gcc -E  conftest.c
conftest.c:39: fatal error: tcpd.h: No such file or directory
compilation terminated.
configure:11364: $? = 1
configure: failed program was:
| /* confdefs.h */
| #define PACKAGE_NAME "stunnel"
| #define PACKAGE_TARNAME "stunnel"
| #define PACKAGE_VERSION "4.52"
| #define PACKAGE_STRING "stunnel 4.52"
| #define PACKAGE_BUGREPORT ""
| #define PACKAGE_URL ""
| #define PACKAGE "stunnel"
| #define VERSION "4.52"
| #define _GNU_SOURCE 1
| #define HOST "x86_64-unknown-linux-gnu"
| #define CPU_X86_64 1
| #define VENDOR_UNKNOWN 1
| #define OS_LINUX_GNU 1
| #define STDC_HEADERS 1
| #define HAVE_SYS_TYPES_H 1
| #define HAVE_SYS_STAT_H 1
| #define HAVE_STDLIB_H 1
| #define HAVE_STRING_H 1
| #define HAVE_MEMORY_H 1
| #define HAVE_STRINGS_H 1
| #define HAVE_INTTYPES_H 1
| #define HAVE_STDINT_H 1
| #define HAVE_UNISTD_H 1
| #define HAVE_DLFCN_H 1
| #define LT_OBJDIR ".libs/"
| #define SIZEOF_UNSIGNED_CHAR 1
| #define SIZEOF_UNSIGNED_SHORT 2
| #define SIZEOF_UNSIGNED_INT 4
| #define SIZEOF_UNSIGNED_LONG 8
| #define HAVE_STRUCT_SOCKADDR_UN 1
| #define HAVE_STRUCT_ADDRINFO 1
| #define HAVE_DEV_PTMX 1
| #define RANDOM_FILE "/dev/urandom"
| #define HAVE_UCONTEXT_H 1
| #define HAVE_PTHREAD_H 1
| #define HAVE_POLL_H 1
| /* end confdefs.h.  */
| #include <tcpd.h>
configure:11364: result: no
configure:11364: checking for tcpd.h
configure:11364: result: no
configure:11364: checking stropts.h usability
configure:11364: gcc -c -g -O2 -Wall -Wextra -Wno-long-long -pedantic  conftest.c >&5
configure:11364: $? = 0
configure:11364: result: yes
configure:11364: checking stropts.h presence
configure:11364: gcc -E  conftest.c
configure:11364: $? = 0
configure:11364: result: yes
configure:11364: checking for stropts.h
configure:11364: result: yes
configure:11364: checking grp.h usability
configure:11364: gcc -c -g -O2 -Wall -Wextra -Wno-long-long -pedantic  conftest.c >&5
configure:11364: $? = 0
configure:11364: result: yes
configure:11364: checking grp.h presence
configure:11364: gcc -E  conftest.c
configure:11364: $? = 0
configure:11364: result: yes
configure:11364: checking for grp.h
configure:11364: result: yes
configure:11364: checking for unistd.h
configure:11364: result: yes
configure:11364: checking util.h usability
configure:11364: gcc -c -g -O2 -Wall -Wextra -Wno-long-long -pedantic  conftest.c >&5
conftest.c:75: fatal error: util.h: No such file or directory
compilation terminated.
configure:11364: $? = 1
configure: failed program was:
| /* confdefs.h */
| #define PACKAGE_NAME "stunnel"
| #define PACKAGE_TARNAME "stunnel"
| #define PACKAGE_VERSION "4.52"
| #define PACKAGE_STRING "stunnel 4.52"
| #define PACKAGE_BUGREPORT ""
| #define PACKAGE_URL ""
| #define PACKAGE "stunnel"
| #define VERSION "4.52"
| #define _GNU_SOURCE 1
| #define HOST "x86_64-unknown-linux-gnu"
| #define CPU_X86_64 1
| #define VENDOR_UNKNOWN 1
| #define OS_LINUX_GNU 1
| #define STDC_HEADERS 1
| #define HAVE_SYS_TYPES_H 1
| #define HAVE_SYS_STAT_H 1
| #define HAVE_STDLIB_H 1
| #define HAVE_STRING_H 1
| #define HAVE_MEMORY_H 1
| #define HAVE_STRINGS_H 1
| #define HAVE_INTTYPES_H 1
| #define HAVE_STDINT_H 1
| #define HAVE_UNISTD_H 1
| #define HAVE_DLFCN_H 1
| #define LT_OBJDIR ".libs/"
| #define SIZEOF_UNSIGNED_CHAR 1
| #define SIZEOF_UNSIGNED_SHORT 2
| #define SIZEOF_UNSIGNED_INT 4
| #define SIZEOF_UNSIGNED_LONG 8
| #define HAVE_STRUCT_SOCKADDR_UN 1
| #define HAVE_STRUCT_ADDRINFO 1
| #define HAVE_DEV_PTMX 1
| #define RANDOM_FILE "/dev/urandom"
| #define HAVE_UCONTEXT_H 1
| #define HAVE_PTHREAD_H 1
| #define HAVE_POLL_H 1
| #define HAVE_STROPTS_H 1
| #define HAVE_GRP_H 1
| #define HAVE_UNISTD_H 1
| /* end confdefs.h.  */
| #include <stdio.h>
| #ifdef HAVE_SYS_TYPES_H
| # include <sys/types.h>
| #endif
| #ifdef HAVE_SYS_STAT_H
| # include <sys/stat.h>
| #endif
| #ifdef STDC_HEADERS
| # include <stdlib.h>
| # include <stddef.h>
| #else
| # ifdef HAVE_STDLIB_H
| #  include <stdlib.h>
| # endif
| #endif
| #ifdef HAVE_STRING_H
| # if !defined STDC_HEADERS && defined HAVE_MEMORY_H
| #  include <memory.h>
| # endif
| # include <string.h>
| #endif
| #ifdef HAVE_STRINGS_H
| # include <strings.h>
| #endif
| #ifdef HAVE_INTTYPES_H
| # include <inttypes.h>
| #endif
| #ifdef HAVE_STDINT_H
| # include <stdint.h>
| #endif
| #ifdef HAVE_UNISTD_H
| # include <unistd.h>
| #endif
| #include <util.h>
configure:11364: result: no
configure:11364: checking util.h presence
configure:11364: gcc -E  conftest.c
conftest.c:42: fatal error: util.h: No such file or directory
compilation terminated.
configure:11364: $? = 1
configure: failed program was:
| /* confdefs.h */
| #define PACKAGE_NAME "stunnel"
| #define PACKAGE_TARNAME "stunnel"
| #define PACKAGE_VERSION "4.52"
| #define PACKAGE_STRING "stunnel 4.52"
| #define PACKAGE_BUGREPORT ""
| #define PACKAGE_URL ""
| #define PACKAGE "stunnel"
| #define VERSION "4.52"
| #define _GNU_SOURCE 1
| #define HOST "x86_64-unknown-linux-gnu"
| #define CPU_X86_64 1
| #define VENDOR_UNKNOWN 1
| #define OS_LINUX_GNU 1
| #define STDC_HEADERS 1
| #define HAVE_SYS_TYPES_H 1
| #define HAVE_SYS_STAT_H 1
| #define HAVE_STDLIB_H 1
| #define HAVE_STRING_H 1
| #define HAVE_MEMORY_H 1
| #define HAVE_STRINGS_H 1
| #define HAVE_INTTYPES_H 1
| #define HAVE_STDINT_H 1
| #define HAVE_UNISTD_H 1
| #define HAVE_DLFCN_H 1
| #define LT_OBJDIR ".libs/"
| #define SIZEOF_UNSIGNED_CHAR 1
| #define SIZEOF_UNSIGNED_SHORT 2
| #define SIZEOF_UNSIGNED_INT 4
| #define SIZEOF_UNSIGNED_LONG 8
| #define HAVE_STRUCT_SOCKADDR_UN 1
| #define HAVE_STRUCT_ADDRINFO 1
| #define HAVE_DEV_PTMX 1
| #define RANDOM_FILE "/dev/urandom"
| #define HAVE_UCONTEXT_H 1
| #define HAVE_PTHREAD_H 1
| #define HAVE_POLL_H 1
| #define HAVE_STROPTS_H 1
| #define HAVE_GRP_H 1
| #define HAVE_UNISTD_H 1
| /* end confdefs.h.  */
| #include <util.h>
configure:11364: result: no
configure:11364: checking for util.h
configure:11364: result: no
configure:11364: checking libutil.h usability
configure:11364: gcc -c -g -O2 -Wall -Wextra -Wno-long-long -pedantic  conftest.c >&5
conftest.c:75: fatal error: libutil.h: No such file or directory
compilation terminated.
configure:11364: $? = 1
configure: failed program was:
| /* confdefs.h */
| #define PACKAGE_NAME "stunnel"
| #define PACKAGE_TARNAME "stunnel"
| #define PACKAGE_VERSION "4.52"
| #define PACKAGE_STRING "stunnel 4.52"
| #define PACKAGE_BUGREPORT ""
| #define PACKAGE_URL ""
| #define PACKAGE "stunnel"
| #define VERSION "4.52"
| #define _GNU_SOURCE 1
| #define HOST "x86_64-unknown-linux-gnu"
| #define CPU_X86_64 1
| #define VENDOR_UNKNOWN 1
| #define OS_LINUX_GNU 1
| #define STDC_HEADERS 1
| #define HAVE_SYS_TYPES_H 1
| #define HAVE_SYS_STAT_H 1
| #define HAVE_STDLIB_H 1
| #define HAVE_STRING_H 1
| #define HAVE_MEMORY_H 1
| #define HAVE_STRINGS_H 1
| #define HAVE_INTTYPES_H 1
| #define HAVE_STDINT_H 1
| #define HAVE_UNISTD_H 1
| #define HAVE_DLFCN_H 1
| #define LT_OBJDIR ".libs/"
| #define SIZEOF_UNSIGNED_CHAR 1
| #define SIZEOF_UNSIGNED_SHORT 2
| #define SIZEOF_UNSIGNED_INT 4
| #define SIZEOF_UNSIGNED_LONG 8
| #define HAVE_STRUCT_SOCKADDR_UN 1
| #define HAVE_STRUCT_ADDRINFO 1
| #define HAVE_DEV_PTMX 1
| #define RANDOM_FILE "/dev/urandom"
| #define HAVE_UCONTEXT_H 1
| #define HAVE_PTHREAD_H 1
| #define HAVE_POLL_H 1
| #define HAVE_STROPTS_H 1
| #define HAVE_GRP_H 1
| #define HAVE_UNISTD_H 1
| /* end confdefs.h.  */
| #include <stdio.h>
| #ifdef HAVE_SYS_TYPES_H
| # include <sys/types.h>
| #endif
| #ifdef HAVE_SYS_STAT_H
| # include <sys/stat.h>
| #endif
| #ifdef STDC_HEADERS
| # include <stdlib.h>
| # include <stddef.h>
| #else
| # ifdef HAVE_STDLIB_H
| #  include <stdlib.h>
| # endif
| #endif
| #ifdef HAVE_STRING_H
| # if !defined STDC_HEADERS && defined HAVE_MEMORY_H
| #  include <memory.h>
| # endif
| # include <string.h>
| #endif
| #ifdef HAVE_STRINGS_H
| # include <strings.h>
| #endif
| #ifdef HAVE_INTTYPES_H
| # include <inttypes.h>
| #endif
| #ifdef HAVE_STDINT_H
| # include <stdint.h>
| #endif
| #ifdef HAVE_UNISTD_H
| # include <unistd.h>
| #endif
| #include <libutil.h>
configure:11364: result: no
configure:11364: checking libutil.h presence
configure:11364: gcc -E  conftest.c
conftest.c:42: fatal error: libutil.h: No such file or directory
compilation terminated.
configure:11364: $? = 1
configure: failed program was:
| /* confdefs.h */
| #define PACKAGE_NAME "stunnel"
| #define PACKAGE_TARNAME "stunnel"
| #define PACKAGE_VERSION "4.52"
| #define PACKAGE_STRING "stunnel 4.52"
| #define PACKAGE_BUGREPORT ""
| #define PACKAGE_URL ""
| #define PACKAGE "stunnel"
| #define VERSION "4.52"
| #define _GNU_SOURCE 1
| #define HOST "x86_64-unknown-linux-gnu"
| #define CPU_X86_64 1
| #define VENDOR_UNKNOWN 1
| #define OS_LINUX_GNU 1
| #define STDC_HEADERS 1
| #define HAVE_SYS_TYPES_H 1
| #define HAVE_SYS_STAT_H 1
| #define HAVE_STDLIB_H 1
| #define HAVE_STRING_H 1
| #define HAVE_MEMORY_H 1
| #define HAVE_STRINGS_H 1
| #define HAVE_INTTYPES_H 1
| #define HAVE_STDINT_H 1
| #define HAVE_UNISTD_H 1
| #define HAVE_DLFCN_H 1
| #define LT_OBJDIR ".libs/"
| #define SIZEOF_UNSIGNED_CHAR 1
| #define SIZEOF_UNSIGNED_SHORT 2
| #define SIZEOF_UNSIGNED_INT 4
| #define SIZEOF_UNSIGNED_LONG 8
| #define HAVE_STRUCT_SOCKADDR_UN 1
| #define HAVE_STRUCT_ADDRINFO 1
| #define HAVE_DEV_PTMX 1
| #define RANDOM_FILE "/dev/urandom"
| #define HAVE_UCONTEXT_H 1
| #define HAVE_PTHREAD_H 1
| #define HAVE_POLL_H 1
| #define HAVE_STROPTS_H 1
| #define HAVE_GRP_H 1
| #define HAVE_UNISTD_H 1
| /* end confdefs.h.  */
| #include <libutil.h>
configure:11364: result: no
configure:11364: checking for libutil.h
configure:11364: result: no
configure:11364: checking pty.h usability
configure:11364: gcc -c -g -O2 -Wall -Wextra -Wno-long-long -pedantic  conftest.c >&5
configure:11364: $? = 0
configure:11364: result: yes
configure:11364: checking pty.h presence
configure:11364: gcc -E  conftest.c
configure:11364: $? = 0
configure:11364: result: yes
configure:11364: checking for pty.h
configure:11364: result: yes
configure:11377: checking sys/select.h usability
configure:11377: gcc -c -g -O2 -Wall -Wextra -Wno-long-long -pedantic  conftest.c >&5
configure:11377: $? = 0
configure:11377: result: yes
configure:11377: checking sys/select.h presence
configure:11377: gcc -E  conftest.c
configure:11377: $? = 0
configure:11377: result: yes
configure:11377: checking for sys/select.h
configure:11377: result: yes
configure:11377: checking sys/poll.h usability
configure:11377: gcc -c -g -O2 -Wall -Wextra -Wno-long-long -pedantic  conftest.c >&5
configure:11377: $? = 0
configure:11377: result: yes
configure:11377: checking sys/poll.h presence
configure:11377: gcc -E  conftest.c
configure:11377: $? = 0
configure:11377: result: yes
configure:11377: checking for sys/poll.h
configure:11377: result: yes
configure:11377: checking sys/socket.h usability
configure:11377: gcc -c -g -O2 -Wall -Wextra -Wno-long-long -pedantic  conftest.c >&5
configure:11377: $? = 0
configure:11377: result: yes
configure:11377: checking sys/socket.h presence
configure:11377: gcc -E  conftest.c
configure:11377: $? = 0
configure:11377: result: yes
configure:11377: checking for sys/socket.h
configure:11377: result: yes
configure:11377: checking sys/un.h usability
configure:11377: gcc -c -g -O2 -Wall -Wextra -Wno-long-long -pedantic  conftest.c >&5
configure:11377: $? = 0
configure:11377: result: yes
configure:11377: checking sys/un.h presence
configure:11377: gcc -E  conftest.c
configure:11377: $? = 0
configure:11377: result: yes
configure:11377: checking for sys/un.h
configure:11377: result: yes
configure:11377: checking sys/ioctl.h usability
configure:11377: gcc -c -g -O2 -Wall -Wextra -Wno-long-long -pedantic  conftest.c >&5
configure:11377: $? = 0
configure:11377: result: yes
configure:11377: checking sys/ioctl.h presence
configure:11377: gcc -E  conftest.c
configure:11377: $? = 0
configure:11377: result: yes
configure:11377: checking for sys/ioctl.h
configure:11377: result: yes
configure:11377: checking sys/filio.h usability
configure:11377: gcc -c -g -O2 -Wall -Wextra -Wno-long-long -pedantic  conftest.c >&5
conftest.c:81: fatal error: sys/filio.h: No such file or directory
compilation terminated.
configure:11377: $? = 1
configure: failed program was:
| /* confdefs.h */
| #define PACKAGE_NAME "stunnel"
| #define PACKAGE_TARNAME "stunnel"
| #define PACKAGE_VERSION "4.52"
| #define PACKAGE_STRING "stunnel 4.52"
| #define PACKAGE_BUGREPORT ""
| #define PACKAGE_URL ""
| #define PACKAGE "stunnel"
| #define VERSION "4.52"
| #define _GNU_SOURCE 1
| #define HOST "x86_64-unknown-linux-gnu"
| #define CPU_X86_64 1
| #define VENDOR_UNKNOWN 1
| #define OS_LINUX_GNU 1
| #define STDC_HEADERS 1
| #define HAVE_SYS_TYPES_H 1
| #define HAVE_SYS_STAT_H 1
| #define HAVE_STDLIB_H 1
| #define HAVE_STRING_H 1
| #define HAVE_MEMORY_H 1
| #define HAVE_STRINGS_H 1
| #define HAVE_INTTYPES_H 1
| #define HAVE_STDINT_H 1
| #define HAVE_UNISTD_H 1
| #define HAVE_DLFCN_H 1
| #define LT_OBJDIR ".libs/"
| #define SIZEOF_UNSIGNED_CHAR 1
| #define SIZEOF_UNSIGNED_SHORT 2
| #define SIZEOF_UNSIGNED_INT 4
| #define SIZEOF_UNSIGNED_LONG 8
| #define HAVE_STRUCT_SOCKADDR_UN 1
| #define HAVE_STRUCT_ADDRINFO 1
| #define HAVE_DEV_PTMX 1
| #define RANDOM_FILE "/dev/urandom"
| #define HAVE_UCONTEXT_H 1
| #define HAVE_PTHREAD_H 1
| #define HAVE_POLL_H 1
| #define HAVE_STROPTS_H 1
| #define HAVE_GRP_H 1
| #define HAVE_UNISTD_H 1
| #define HAVE_PTY_H 1
| #define HAVE_SYS_SELECT_H 1
| #define HAVE_SYS_POLL_H 1
| #define HAVE_SYS_SOCKET_H 1
| #define HAVE_SYS_UN_H 1
| #define HAVE_SYS_IOCTL_H 1
| /* end confdefs.h.  */
| #include <stdio.h>
| #ifdef HAVE_SYS_TYPES_H
| # include <sys/types.h>
| #endif
| #ifdef HAVE_SYS_STAT_H
| # include <sys/stat.h>
| #endif
| #ifdef STDC_HEADERS
| # include <stdlib.h>
| # include <stddef.h>
| #else
| # ifdef HAVE_STDLIB_H
| #  include <stdlib.h>
| # endif
| #endif
| #ifdef HAVE_STRING_H
| # if !defined STDC_HEADERS && defined HAVE_MEMORY_H
| #  include <memory.h>
| # endif
| # include <string.h>
| #endif
| #ifdef HAVE_STRINGS_H
| # include <strings.h>
| #endif
| #ifdef HAVE_INTTYPES_H
| # include <inttypes.h>
| #endif
| #ifdef HAVE_STDINT_H
| # include <stdint.h>
| #endif
| #ifdef HAVE_UNISTD_H
| # include <unistd.h>
| #endif
| #include <sys/filio.h>
configure:11377: result: no
configure:11377: checking sys/filio.h presence
configure:11377: gcc -E  conftest.c
conftest.c:48: fatal error: sys/filio.h: No such file or directory
compilation terminated.
configure:11377: $? = 1
configure: failed program was:
| /* confdefs.h */
| #define PACKAGE_NAME "stunnel"
| #define PACKAGE_TARNAME "stunnel"
| #define PACKAGE_VERSION "4.52"
| #define PACKAGE_STRING "stunnel 4.52"
| #define PACKAGE_BUGREPORT ""
| #define PACKAGE_URL ""
| #define PACKAGE "stunnel"
| #define VERSION "4.52"
| #define _GNU_SOURCE 1
| #define HOST "x86_64-unknown-linux-gnu"
| #define CPU_X86_64 1
| #define VENDOR_UNKNOWN 1
| #define OS_LINUX_GNU 1
| #define STDC_HEADERS 1
| #define HAVE_SYS_TYPES_H 1
| #define HAVE_SYS_STAT_H 1
| #define HAVE_STDLIB_H 1
| #define HAVE_STRING_H 1
| #define HAVE_MEMORY_H 1
| #define HAVE_STRINGS_H 1
| #define HAVE_INTTYPES_H 1
| #define HAVE_STDINT_H 1
| #define HAVE_UNISTD_H 1
| #define HAVE_DLFCN_H 1
| #define LT_OBJDIR ".libs/"
| #define SIZEOF_UNSIGNED_CHAR 1
| #define SIZEOF_UNSIGNED_SHORT 2
| #define SIZEOF_UNSIGNED_INT 4
| #define SIZEOF_UNSIGNED_LONG 8
| #define HAVE_STRUCT_SOCKADDR_UN 1
| #define HAVE_STRUCT_ADDRINFO 1
| #define HAVE_DEV_PTMX 1
| #define RANDOM_FILE "/dev/urandom"
| #define HAVE_UCONTEXT_H 1
| #define HAVE_PTHREAD_H 1
| #define HAVE_POLL_H 1
| #define HAVE_STROPTS_H 1
| #define HAVE_GRP_H 1
| #define HAVE_UNISTD_H 1
| #define HAVE_PTY_H 1
| #define HAVE_SYS_SELECT_H 1
| #define HAVE_SYS_POLL_H 1
| #define HAVE_SYS_SOCKET_H 1
| #define HAVE_SYS_UN_H 1
| #define HAVE_SYS_IOCTL_H 1
| /* end confdefs.h.  */
| #include <sys/filio.h>
configure:11377: result: no
configure:11377: checking for sys/filio.h
configure:11377: result: no
configure:11377: checking sys/resource.h usability
configure:11377: gcc -c -g -O2 -Wall -Wextra -Wno-long-long -pedantic  conftest.c >&5
configure:11377: $? = 0
configure:11377: result: yes
configure:11377: checking sys/resource.h presence
configure:11377: gcc -E  conftest.c
configure:11377: $? = 0
configure:11377: result: yes
configure:11377: checking for sys/resource.h
configure:11377: result: yes
configure:11387: checking for struct msghdr.msg_control
configure:11387: gcc -c -g -O2 -Wall -Wextra -Wno-long-long -pedantic  conftest.c >&5
configure:11387: $? = 0
configure:11387: result: yes
configure:11402: checking for linux/netfilter_ipv4.h
configure:11402: gcc -c -g -O2 -Wall -Wextra -Wno-long-long -pedantic  conftest.c >&5
configure:11402: $? = 0
configure:11402: result: yes
configure:11419: **************************************** libraries
configure:11422: checking for library containing gethostbyname
configure:11453: gcc -o conftest -g -O2 -Wall -Wextra -Wno-long-long -pedantic   conftest.c  >&5
configure:11453: $? = 0
configure:11470: result: none required
configure:11478: checking for library containing yp_get_default_domain
configure:11509: gcc -o conftest -g -O2 -Wall -Wextra -Wno-long-long -pedantic   conftest.c  >&5
/tmp/cc9cvcij.o: In function `main':
/home/vnimmaga/.emacs.d/elpa/stunnel-4.52/conftest.c:63: undefined reference to `yp_get_default_domain'
collect2: ld returned 1 exit status
configure:11509: $? = 1
configure: failed program was:
| /* confdefs.h */
| #define PACKAGE_NAME "stunnel"
| #define PACKAGE_TARNAME "stunnel"
| #define PACKAGE_VERSION "4.52"
| #define PACKAGE_STRING "stunnel 4.52"
| #define PACKAGE_BUGREPORT ""
| #define PACKAGE_URL ""
| #define PACKAGE "stunnel"
| #define VERSION "4.52"
| #define _GNU_SOURCE 1
| #define HOST "x86_64-unknown-linux-gnu"
| #define CPU_X86_64 1
| #define VENDOR_UNKNOWN 1
| #define OS_LINUX_GNU 1
| #define STDC_HEADERS 1
| #define HAVE_SYS_TYPES_H 1
| #define HAVE_SYS_STAT_H 1
| #define HAVE_STDLIB_H 1
| #define HAVE_STRING_H 1
| #define HAVE_MEMORY_H 1
| #define HAVE_STRINGS_H 1
| #define HAVE_INTTYPES_H 1
| #define HAVE_STDINT_H 1
| #define HAVE_UNISTD_H 1
| #define HAVE_DLFCN_H 1
| #define LT_OBJDIR ".libs/"
| #define SIZEOF_UNSIGNED_CHAR 1
| #define SIZEOF_UNSIGNED_SHORT 2
| #define SIZEOF_UNSIGNED_INT 4
| #define SIZEOF_UNSIGNED_LONG 8
| #define HAVE_STRUCT_SOCKADDR_UN 1
| #define HAVE_STRUCT_ADDRINFO 1
| #define HAVE_DEV_PTMX 1
| #define RANDOM_FILE "/dev/urandom"
| #define HAVE_UCONTEXT_H 1
| #define HAVE_PTHREAD_H 1
| #define HAVE_POLL_H 1
| #define HAVE_STROPTS_H 1
| #define HAVE_GRP_H 1
| #define HAVE_UNISTD_H 1
| #define HAVE_PTY_H 1
| #define HAVE_SYS_SELECT_H 1
| #define HAVE_SYS_POLL_H 1
| #define HAVE_SYS_SOCKET_H 1
| #define HAVE_SYS_UN_H 1
| #define HAVE_SYS_IOCTL_H 1
| #define HAVE_SYS_RESOURCE_H 1
| #define HAVE_STRUCT_MSGHDR_MSG_CONTROL 1
| #define HAVE_MSGHDR_MSG_CONTROL 1
| #define HAVE_LINUX_NETFILTER_IPV4_H 1
| /* end confdefs.h.  */
| 
| /* Override any GCC internal prototype to avoid an error.
|    Use char because int might match the return type of a GCC
|    builtin and then its argument prototype would still apply.  */
| #ifdef __cplusplus
| extern "C"
| #endif
| char yp_get_default_domain ();
| int
| main ()
| {
| return yp_get_default_domain ();
|   ;
|   return 0;
| }
configure:11509: gcc -o conftest -g -O2 -Wall -Wextra -Wno-long-long -pedantic   conftest.c -lnsl   >&5
configure:11509: $? = 0
configure:11526: result: -lnsl
configure:11534: checking for library containing socket
configure:11565: gcc -o conftest -g -O2 -Wall -Wextra -Wno-long-long -pedantic   conftest.c -lnsl  >&5
configure:11565: $? = 0
configure:11582: result: none required
configure:11590: checking for library containing openpty
configure:11621: gcc -o conftest -g -O2 -Wall -Wextra -Wno-long-long -pedantic   conftest.c -lnsl  >&5
/tmp/ccL4jwAx.o: In function `main':
/home/vnimmaga/.emacs.d/elpa/stunnel-4.52/conftest.c:63: undefined reference to `openpty'
collect2: ld returned 1 exit status
configure:11621: $? = 1
configure: failed program was:
| /* confdefs.h */
| #define PACKAGE_NAME "stunnel"
| #define PACKAGE_TARNAME "stunnel"
| #define PACKAGE_VERSION "4.52"
| #define PACKAGE_STRING "stunnel 4.52"
| #define PACKAGE_BUGREPORT ""
| #define PACKAGE_URL ""
| #define PACKAGE "stunnel"
| #define VERSION "4.52"
| #define _GNU_SOURCE 1
| #define HOST "x86_64-unknown-linux-gnu"
| #define CPU_X86_64 1
| #define VENDOR_UNKNOWN 1
| #define OS_LINUX_GNU 1
| #define STDC_HEADERS 1
| #define HAVE_SYS_TYPES_H 1
| #define HAVE_SYS_STAT_H 1
| #define HAVE_STDLIB_H 1
| #define HAVE_STRING_H 1
| #define HAVE_MEMORY_H 1
| #define HAVE_STRINGS_H 1
| #define HAVE_INTTYPES_H 1
| #define HAVE_STDINT_H 1
| #define HAVE_UNISTD_H 1
| #define HAVE_DLFCN_H 1
| #define LT_OBJDIR ".libs/"
| #define SIZEOF_UNSIGNED_CHAR 1
| #define SIZEOF_UNSIGNED_SHORT 2
| #define SIZEOF_UNSIGNED_INT 4
| #define SIZEOF_UNSIGNED_LONG 8
| #define HAVE_STRUCT_SOCKADDR_UN 1
| #define HAVE_STRUCT_ADDRINFO 1
| #define HAVE_DEV_PTMX 1
| #define RANDOM_FILE "/dev/urandom"
| #define HAVE_UCONTEXT_H 1
| #define HAVE_PTHREAD_H 1
| #define HAVE_POLL_H 1
| #define HAVE_STROPTS_H 1
| #define HAVE_GRP_H 1
| #define HAVE_UNISTD_H 1
| #define HAVE_PTY_H 1
| #define HAVE_SYS_SELECT_H 1
| #define HAVE_SYS_POLL_H 1
| #define HAVE_SYS_SOCKET_H 1
| #define HAVE_SYS_UN_H 1
| #define HAVE_SYS_IOCTL_H 1
| #define HAVE_SYS_RESOURCE_H 1
| #define HAVE_STRUCT_MSGHDR_MSG_CONTROL 1
| #define HAVE_MSGHDR_MSG_CONTROL 1
| #define HAVE_LINUX_NETFILTER_IPV4_H 1
| /* end confdefs.h.  */
| 
| /* Override any GCC internal prototype to avoid an error.
|    Use char because int might match the return type of a GCC
|    builtin and then its argument prototype would still apply.  */
| #ifdef __cplusplus
| extern "C"
| #endif
| char openpty ();
| int
| main ()
| {
| return openpty ();
|   ;
|   return 0;
| }
configure:11621: gcc -o conftest -g -O2 -Wall -Wextra -Wno-long-long -pedantic   conftest.c -lutil  -lnsl  >&5
configure:11621: $? = 0
configure:11638: result: -lutil
configure:11647: checking for library containing dlopen
configure:11678: gcc -o conftest -g -O2 -Wall -Wextra -Wno-long-long -pedantic   conftest.c -lutil -lnsl  >&5
/tmp/ccvXkryD.o: In function `main':
/home/vnimmaga/.emacs.d/elpa/stunnel-4.52/conftest.c:63: undefined reference to `dlopen'
collect2: ld returned 1 exit status
configure:11678: $? = 1
configure: failed program was:
| /* confdefs.h */
| #define PACKAGE_NAME "stunnel"
| #define PACKAGE_TARNAME "stunnel"
| #define PACKAGE_VERSION "4.52"
| #define PACKAGE_STRING "stunnel 4.52"
| #define PACKAGE_BUGREPORT ""
| #define PACKAGE_URL ""
| #define PACKAGE "stunnel"
| #define VERSION "4.52"
| #define _GNU_SOURCE 1
| #define HOST "x86_64-unknown-linux-gnu"
| #define CPU_X86_64 1
| #define VENDOR_UNKNOWN 1
| #define OS_LINUX_GNU 1
| #define STDC_HEADERS 1
| #define HAVE_SYS_TYPES_H 1
| #define HAVE_SYS_STAT_H 1
| #define HAVE_STDLIB_H 1
| #define HAVE_STRING_H 1
| #define HAVE_MEMORY_H 1
| #define HAVE_STRINGS_H 1
| #define HAVE_INTTYPES_H 1
| #define HAVE_STDINT_H 1
| #define HAVE_UNISTD_H 1
| #define HAVE_DLFCN_H 1
| #define LT_OBJDIR ".libs/"
| #define SIZEOF_UNSIGNED_CHAR 1
| #define SIZEOF_UNSIGNED_SHORT 2
| #define SIZEOF_UNSIGNED_INT 4
| #define SIZEOF_UNSIGNED_LONG 8
| #define HAVE_STRUCT_SOCKADDR_UN 1
| #define HAVE_STRUCT_ADDRINFO 1
| #define HAVE_DEV_PTMX 1
| #define RANDOM_FILE "/dev/urandom"
| #define HAVE_UCONTEXT_H 1
| #define HAVE_PTHREAD_H 1
| #define HAVE_POLL_H 1
| #define HAVE_STROPTS_H 1
| #define HAVE_GRP_H 1
| #define HAVE_UNISTD_H 1
| #define HAVE_PTY_H 1
| #define HAVE_SYS_SELECT_H 1
| #define HAVE_SYS_POLL_H 1
| #define HAVE_SYS_SOCKET_H 1
| #define HAVE_SYS_UN_H 1
| #define HAVE_SYS_IOCTL_H 1
| #define HAVE_SYS_RESOURCE_H 1
| #define HAVE_STRUCT_MSGHDR_MSG_CONTROL 1
| #define HAVE_MSGHDR_MSG_CONTROL 1
| #define HAVE_LINUX_NETFILTER_IPV4_H 1
| /* end confdefs.h.  */
| 
| /* Override any GCC internal prototype to avoid an error.
|    Use char because int might match the return type of a GCC
|    builtin and then its argument prototype would still apply.  */
| #ifdef __cplusplus
| extern "C"
| #endif
| char dlopen ();
| int
| main ()
| {
| return dlopen ();
|   ;
|   return 0;
| }
configure:11678: gcc -o conftest -g -O2 -Wall -Wextra -Wno-long-long -pedantic   conftest.c -ldl  -lutil -lnsl  >&5
configure:11678: $? = 0
configure:11695: result: -ldl
configure:11703: checking for library containing shl_load
configure:11734: gcc -o conftest -g -O2 -Wall -Wextra -Wno-long-long -pedantic   conftest.c -ldl -lutil -lnsl  >&5
/tmp/ccnrBjpL.o: In function `main':
/home/vnimmaga/.emacs.d/elpa/stunnel-4.52/conftest.c:63: undefined reference to `shl_load'
collect2: ld returned 1 exit status
configure:11734: $? = 1
configure: failed program was:
| /* confdefs.h */
| #define PACKAGE_NAME "stunnel"
| #define PACKAGE_TARNAME "stunnel"
| #define PACKAGE_VERSION "4.52"
| #define PACKAGE_STRING "stunnel 4.52"
| #define PACKAGE_BUGREPORT ""
| #define PACKAGE_URL ""
| #define PACKAGE "stunnel"
| #define VERSION "4.52"
| #define _GNU_SOURCE 1
| #define HOST "x86_64-unknown-linux-gnu"
| #define CPU_X86_64 1
| #define VENDOR_UNKNOWN 1
| #define OS_LINUX_GNU 1
| #define STDC_HEADERS 1
| #define HAVE_SYS_TYPES_H 1
| #define HAVE_SYS_STAT_H 1
| #define HAVE_STDLIB_H 1
| #define HAVE_STRING_H 1
| #define HAVE_MEMORY_H 1
| #define HAVE_STRINGS_H 1
| #define HAVE_INTTYPES_H 1
| #define HAVE_STDINT_H 1
| #define HAVE_UNISTD_H 1
| #define HAVE_DLFCN_H 1
| #define LT_OBJDIR ".libs/"
| #define SIZEOF_UNSIGNED_CHAR 1
| #define SIZEOF_UNSIGNED_SHORT 2
| #define SIZEOF_UNSIGNED_INT 4
| #define SIZEOF_UNSIGNED_LONG 8
| #define HAVE_STRUCT_SOCKADDR_UN 1
| #define HAVE_STRUCT_ADDRINFO 1
| #define HAVE_DEV_PTMX 1
| #define RANDOM_FILE "/dev/urandom"
| #define HAVE_UCONTEXT_H 1
| #define HAVE_PTHREAD_H 1
| #define HAVE_POLL_H 1
| #define HAVE_STROPTS_H 1
| #define HAVE_GRP_H 1
| #define HAVE_UNISTD_H 1
| #define HAVE_PTY_H 1
| #define HAVE_SYS_SELECT_H 1
| #define HAVE_SYS_POLL_H 1
| #define HAVE_SYS_SOCKET_H 1
| #define HAVE_SYS_UN_H 1
| #define HAVE_SYS_IOCTL_H 1
| #define HAVE_SYS_RESOURCE_H 1
| #define HAVE_STRUCT_MSGHDR_MSG_CONTROL 1
| #define HAVE_MSGHDR_MSG_CONTROL 1
| #define HAVE_LINUX_NETFILTER_IPV4_H 1
| /* end confdefs.h.  */
| 
| /* Override any GCC internal prototype to avoid an error.
|    Use char because int might match the return type of a GCC
|    builtin and then its argument prototype would still apply.  */
| #ifdef __cplusplus
| extern "C"
| #endif
| char shl_load ();
| int
| main ()
| {
| return shl_load ();
|   ;
|   return 0;
| }
configure:11734: gcc -o conftest -g -O2 -Wall -Wextra -Wno-long-long -pedantic   conftest.c -ldld  -ldl -lutil -lnsl  >&5
/usr/bin/ld: cannot find -ldld
collect2: ld returned 1 exit status
configure:11734: $? = 1
configure: failed program was:
| /* confdefs.h */
| #define PACKAGE_NAME "stunnel"
| #define PACKAGE_TARNAME "stunnel"
| #define PACKAGE_VERSION "4.52"
| #define PACKAGE_STRING "stunnel 4.52"
| #define PACKAGE_BUGREPORT ""
| #define PACKAGE_URL ""
| #define PACKAGE "stunnel"
| #define VERSION "4.52"
| #define _GNU_SOURCE 1
| #define HOST "x86_64-unknown-linux-gnu"
| #define CPU_X86_64 1
| #define VENDOR_UNKNOWN 1
| #define OS_LINUX_GNU 1
| #define STDC_HEADERS 1
| #define HAVE_SYS_TYPES_H 1
| #define HAVE_SYS_STAT_H 1
| #define HAVE_STDLIB_H 1
| #define HAVE_STRING_H 1
| #define HAVE_MEMORY_H 1
| #define HAVE_STRINGS_H 1
| #define HAVE_INTTYPES_H 1
| #define HAVE_STDINT_H 1
| #define HAVE_UNISTD_H 1
| #define HAVE_DLFCN_H 1
| #define LT_OBJDIR ".libs/"
| #define SIZEOF_UNSIGNED_CHAR 1
| #define SIZEOF_UNSIGNED_SHORT 2
| #define SIZEOF_UNSIGNED_INT 4
| #define SIZEOF_UNSIGNED_LONG 8
| #define HAVE_STRUCT_SOCKADDR_UN 1
| #define HAVE_STRUCT_ADDRINFO 1
| #define HAVE_DEV_PTMX 1
| #define RANDOM_FILE "/dev/urandom"
| #define HAVE_UCONTEXT_H 1
| #define HAVE_PTHREAD_H 1
| #define HAVE_POLL_H 1
| #define HAVE_STROPTS_H 1
| #define HAVE_GRP_H 1
| #define HAVE_UNISTD_H 1
| #define HAVE_PTY_H 1
| #define HAVE_SYS_SELECT_H 1
| #define HAVE_SYS_POLL_H 1
| #define HAVE_SYS_SOCKET_H 1
| #define HAVE_SYS_UN_H 1
| #define HAVE_SYS_IOCTL_H 1
| #define HAVE_SYS_RESOURCE_H 1
| #define HAVE_STRUCT_MSGHDR_MSG_CONTROL 1
| #define HAVE_MSGHDR_MSG_CONTROL 1
| #define HAVE_LINUX_NETFILTER_IPV4_H 1
| /* end confdefs.h.  */
| 
| /* Override any GCC internal prototype to avoid an error.
|    Use char because int might match the return type of a GCC
|    builtin and then its argument prototype would still apply.  */
| #ifdef __cplusplus
| extern "C"
| #endif
| char shl_load ();
| int
| main ()
| {
| return shl_load ();
|   ;
|   return 0;
| }
configure:11751: result: no
configure:11759: checking for library containing inflateEnd
configure:11790: gcc -o conftest -g -O2 -Wall -Wextra -Wno-long-long -pedantic   conftest.c -ldl -lutil -lnsl  >&5
/tmp/ccl2CbsW.o: In function `main':
/home/vnimmaga/.emacs.d/elpa/stunnel-4.52/conftest.c:63: undefined reference to `inflateEnd'
collect2: ld returned 1 exit status
configure:11790: $? = 1
configure: failed program was:
| /* confdefs.h */
| #define PACKAGE_NAME "stunnel"
| #define PACKAGE_TARNAME "stunnel"
| #define PACKAGE_VERSION "4.52"
| #define PACKAGE_STRING "stunnel 4.52"
| #define PACKAGE_BUGREPORT ""
| #define PACKAGE_URL ""
| #define PACKAGE "stunnel"
| #define VERSION "4.52"
| #define _GNU_SOURCE 1
| #define HOST "x86_64-unknown-linux-gnu"
| #define CPU_X86_64 1
| #define VENDOR_UNKNOWN 1
| #define OS_LINUX_GNU 1
| #define STDC_HEADERS 1
| #define HAVE_SYS_TYPES_H 1
| #define HAVE_SYS_STAT_H 1
| #define HAVE_STDLIB_H 1
| #define HAVE_STRING_H 1
| #define HAVE_MEMORY_H 1
| #define HAVE_STRINGS_H 1
| #define HAVE_INTTYPES_H 1
| #define HAVE_STDINT_H 1
| #define HAVE_UNISTD_H 1
| #define HAVE_DLFCN_H 1
| #define LT_OBJDIR ".libs/"
| #define SIZEOF_UNSIGNED_CHAR 1
| #define SIZEOF_UNSIGNED_SHORT 2
| #define SIZEOF_UNSIGNED_INT 4
| #define SIZEOF_UNSIGNED_LONG 8
| #define HAVE_STRUCT_SOCKADDR_UN 1
| #define HAVE_STRUCT_ADDRINFO 1
| #define HAVE_DEV_PTMX 1
| #define RANDOM_FILE "/dev/urandom"
| #define HAVE_UCONTEXT_H 1
| #define HAVE_PTHREAD_H 1
| #define HAVE_POLL_H 1
| #define HAVE_STROPTS_H 1
| #define HAVE_GRP_H 1
| #define HAVE_UNISTD_H 1
| #define HAVE_PTY_H 1
| #define HAVE_SYS_SELECT_H 1
| #define HAVE_SYS_POLL_H 1
| #define HAVE_SYS_SOCKET_H 1
| #define HAVE_SYS_UN_H 1
| #define HAVE_SYS_IOCTL_H 1
| #define HAVE_SYS_RESOURCE_H 1
| #define HAVE_STRUCT_MSGHDR_MSG_CONTROL 1
| #define HAVE_MSGHDR_MSG_CONTROL 1
| #define HAVE_LINUX_NETFILTER_IPV4_H 1
| /* end confdefs.h.  */
| 
| /* Override any GCC internal prototype to avoid an error.
|    Use char because int might match the return type of a GCC
|    builtin and then its argument prototype would still apply.  */
| #ifdef __cplusplus
| extern "C"
| #endif
| char inflateEnd ();
| int
| main ()
| {
| return inflateEnd ();
|   ;
|   return 0;
| }
configure:11790: gcc -o conftest -g -O2 -Wall -Wextra -Wno-long-long -pedantic   conftest.c -lz  -ldl -lutil -lnsl  >&5
configure:11790: $? = 0
configure:11807: result: -lz
configure:11821: **************************************** thread model
configure:11826: checking for pthread_create in -lc_r
configure:11851: gcc -o conftest -g -O2 -Wall -Wextra -Wno-long-long -pedantic   conftest.c -lc_r  -lz -ldl -lutil -lnsl  >&5
/usr/bin/ld: cannot find -lc_r
collect2: ld returned 1 exit status
configure:11851: $? = 1
configure: failed program was:
| /* confdefs.h */
| #define PACKAGE_NAME "stunnel"
| #define PACKAGE_TARNAME "stunnel"
| #define PACKAGE_VERSION "4.52"
| #define PACKAGE_STRING "stunnel 4.52"
| #define PACKAGE_BUGREPORT ""
| #define PACKAGE_URL ""
| #define PACKAGE "stunnel"
| #define VERSION "4.52"
| #define _GNU_SOURCE 1
| #define HOST "x86_64-unknown-linux-gnu"
| #define CPU_X86_64 1
| #define VENDOR_UNKNOWN 1
| #define OS_LINUX_GNU 1
| #define STDC_HEADERS 1
| #define HAVE_SYS_TYPES_H 1
| #define HAVE_SYS_STAT_H 1
| #define HAVE_STDLIB_H 1
| #define HAVE_STRING_H 1
| #define HAVE_MEMORY_H 1
| #define HAVE_STRINGS_H 1
| #define HAVE_INTTYPES_H 1
| #define HAVE_STDINT_H 1
| #define HAVE_UNISTD_H 1
| #define HAVE_DLFCN_H 1
| #define LT_OBJDIR ".libs/"
| #define SIZEOF_UNSIGNED_CHAR 1
| #define SIZEOF_UNSIGNED_SHORT 2
| #define SIZEOF_UNSIGNED_INT 4
| #define SIZEOF_UNSIGNED_LONG 8
| #define HAVE_STRUCT_SOCKADDR_UN 1
| #define HAVE_STRUCT_ADDRINFO 1
| #define HAVE_DEV_PTMX 1
| #define RANDOM_FILE "/dev/urandom"
| #define HAVE_UCONTEXT_H 1
| #define HAVE_PTHREAD_H 1
| #define HAVE_POLL_H 1
| #define HAVE_STROPTS_H 1
| #define HAVE_GRP_H 1
| #define HAVE_UNISTD_H 1
| #define HAVE_PTY_H 1
| #define HAVE_SYS_SELECT_H 1
| #define HAVE_SYS_POLL_H 1
| #define HAVE_SYS_SOCKET_H 1
| #define HAVE_SYS_UN_H 1
| #define HAVE_SYS_IOCTL_H 1
| #define HAVE_SYS_RESOURCE_H 1
| #define HAVE_STRUCT_MSGHDR_MSG_CONTROL 1
| #define HAVE_MSGHDR_MSG_CONTROL 1
| #define HAVE_LINUX_NETFILTER_IPV4_H 1
| /* end confdefs.h.  */
| 
| /* Override any GCC internal prototype to avoid an error.
|    Use char because int might match the return type of a GCC
|    builtin and then its argument prototype would still apply.  */
| #ifdef __cplusplus
| extern "C"
| #endif
| char pthread_create ();
| int
| main ()
| {
| return pthread_create ();
|   ;
|   return 0;
| }
configure:11860: result: no
configure:11875: checking for pthread_create in -lc
configure:11900: gcc -o conftest -g -O2 -Wall -Wextra -Wno-long-long -pedantic   conftest.c -lc  -lz -ldl -lutil -lnsl  >&5
/tmp/cc7jvjO8.o: In function `main':
/home/vnimmaga/.emacs.d/elpa/stunnel-4.52/conftest.c:63: undefined reference to `pthread_create'
collect2: ld returned 1 exit status
configure:11900: $? = 1
configure: failed program was:
| /* confdefs.h */
| #define PACKAGE_NAME "stunnel"
| #define PACKAGE_TARNAME "stunnel"
| #define PACKAGE_VERSION "4.52"
| #define PACKAGE_STRING "stunnel 4.52"
| #define PACKAGE_BUGREPORT ""
| #define PACKAGE_URL ""
| #define PACKAGE "stunnel"
| #define VERSION "4.52"
| #define _GNU_SOURCE 1
| #define HOST "x86_64-unknown-linux-gnu"
| #define CPU_X86_64 1
| #define VENDOR_UNKNOWN 1
| #define OS_LINUX_GNU 1
| #define STDC_HEADERS 1
| #define HAVE_SYS_TYPES_H 1
| #define HAVE_SYS_STAT_H 1
| #define HAVE_STDLIB_H 1
| #define HAVE_STRING_H 1
| #define HAVE_MEMORY_H 1
| #define HAVE_STRINGS_H 1
| #define HAVE_INTTYPES_H 1
| #define HAVE_STDINT_H 1
| #define HAVE_UNISTD_H 1
| #define HAVE_DLFCN_H 1
| #define LT_OBJDIR ".libs/"
| #define SIZEOF_UNSIGNED_CHAR 1
| #define SIZEOF_UNSIGNED_SHORT 2
| #define SIZEOF_UNSIGNED_INT 4
| #define SIZEOF_UNSIGNED_LONG 8
| #define HAVE_STRUCT_SOCKADDR_UN 1
| #define HAVE_STRUCT_ADDRINFO 1
| #define HAVE_DEV_PTMX 1
| #define RANDOM_FILE "/dev/urandom"
| #define HAVE_UCONTEXT_H 1
| #define HAVE_PTHREAD_H 1
| #define HAVE_POLL_H 1
| #define HAVE_STROPTS_H 1
| #define HAVE_GRP_H 1
| #define HAVE_UNISTD_H 1
| #define HAVE_PTY_H 1
| #define HAVE_SYS_SELECT_H 1
| #define HAVE_SYS_POLL_H 1
| #define HAVE_SYS_SOCKET_H 1
| #define HAVE_SYS_UN_H 1
| #define HAVE_SYS_IOCTL_H 1
| #define HAVE_SYS_RESOURCE_H 1
| #define HAVE_STRUCT_MSGHDR_MSG_CONTROL 1
| #define HAVE_MSGHDR_MSG_CONTROL 1
| #define HAVE_LINUX_NETFILTER_IPV4_H 1
| /* end confdefs.h.  */
| 
| /* Override any GCC internal prototype to avoid an error.
|    Use char because int might match the return type of a GCC
|    builtin and then its argument prototype would still apply.  */
| #ifdef __cplusplus
| extern "C"
| #endif
| char pthread_create ();
| int
| main ()
| {
| return pthread_create ();
|   ;
|   return 0;
| }
configure:11909: result: no
configure:11923: checking for pthread_create in -lpthread
configure:11939: gcc -o conftest -g -O2 -Wall -Wextra -Wno-long-long -pedantic   conftest.c -lz -ldl -lutil -lnsl  -lpthread >&5
conftest.c: In function 'main':
conftest.c:56: warning: null argument where non-null required (argument 1)
conftest.c:56: warning: null argument where non-null required (argument 3)
configure:11939: $? = 0
configure:11941: result: yes
configure:11996: PTHREAD thread model detected
configure:12018: **************************************** library functions
configure:12024: checking for snprintf
configure:12024: gcc -o conftest -g -O2 -Wall -Wextra -Wno-long-long -pedantic   conftest.c -lz -ldl -lutil -lnsl  -lpthread >&5
conftest.c:77: warning: conflicting types for built-in function 'snprintf'
configure:12024: $? = 0
configure:12024: result: yes
configure:12024: checking for vsnprintf
configure:12024: gcc -o conftest -g -O2 -Wall -Wextra -Wno-long-long -pedantic   conftest.c -lz -ldl -lutil -lnsl  -lpthread >&5
conftest.c:78: warning: conflicting types for built-in function 'vsnprintf'
configure:12024: $? = 0
configure:12024: result: yes
configure:12037: checking for openpty
configure:12037: gcc -o conftest -g -O2 -Wall -Wextra -Wno-long-long -pedantic   conftest.c -lz -ldl -lutil -lnsl  -lpthread >&5
configure:12037: $? = 0
configure:12037: result: yes
configure:12037: checking for _getpty
configure:12037: gcc -o conftest -g -O2 -Wall -Wextra -Wno-long-long -pedantic   conftest.c -lz -ldl -lutil -lnsl  -lpthread >&5
/tmp/ccVRjtDy.o: In function `main':
/home/vnimmaga/.emacs.d/elpa/stunnel-4.52/conftest.c:91: undefined reference to `_getpty'
collect2: ld returned 1 exit status
configure:12037: $? = 1
configure: failed program was:
| /* confdefs.h */
| #define PACKAGE_NAME "stunnel"
| #define PACKAGE_TARNAME "stunnel"
| #define PACKAGE_VERSION "4.52"
| #define PACKAGE_STRING "stunnel 4.52"
| #define PACKAGE_BUGREPORT ""
| #define PACKAGE_URL ""
| #define PACKAGE "stunnel"
| #define VERSION "4.52"
| #define _GNU_SOURCE 1
| #define HOST "x86_64-unknown-linux-gnu"
| #define CPU_X86_64 1
| #define VENDOR_UNKNOWN 1
| #define OS_LINUX_GNU 1
| #define STDC_HEADERS 1
| #define HAVE_SYS_TYPES_H 1
| #define HAVE_SYS_STAT_H 1
| #define HAVE_STDLIB_H 1
| #define HAVE_STRING_H 1
| #define HAVE_MEMORY_H 1
| #define HAVE_STRINGS_H 1
| #define HAVE_INTTYPES_H 1
| #define HAVE_STDINT_H 1
| #define HAVE_UNISTD_H 1
| #define HAVE_DLFCN_H 1
| #define LT_OBJDIR ".libs/"
| #define SIZEOF_UNSIGNED_CHAR 1
| #define SIZEOF_UNSIGNED_SHORT 2
| #define SIZEOF_UNSIGNED_INT 4
| #define SIZEOF_UNSIGNED_LONG 8
| #define HAVE_STRUCT_SOCKADDR_UN 1
| #define HAVE_STRUCT_ADDRINFO 1
| #define HAVE_DEV_PTMX 1
| #define RANDOM_FILE "/dev/urandom"
| #define HAVE_UCONTEXT_H 1
| #define HAVE_PTHREAD_H 1
| #define HAVE_POLL_H 1
| #define HAVE_STROPTS_H 1
| #define HAVE_GRP_H 1
| #define HAVE_UNISTD_H 1
| #define HAVE_PTY_H 1
| #define HAVE_SYS_SELECT_H 1
| #define HAVE_SYS_POLL_H 1
| #define HAVE_SYS_SOCKET_H 1
| #define HAVE_SYS_UN_H 1
| #define HAVE_SYS_IOCTL_H 1
| #define HAVE_SYS_RESOURCE_H 1
| #define HAVE_STRUCT_MSGHDR_MSG_CONTROL 1
| #define HAVE_MSGHDR_MSG_CONTROL 1
| #define HAVE_LINUX_NETFILTER_IPV4_H 1
| #define HAVE_LIBPTHREAD 1
| #define USE_PTHREAD 1
| #define HAVE_SNPRINTF 1
| #define HAVE_VSNPRINTF 1
| #define HAVE_OPENPTY 1
| /* end confdefs.h.  */
| /* Define _getpty to an innocuous variant, in case <limits.h> declares _getpty.
|    For example, HP-UX 11i <limits.h> declares gettimeofday.  */
| #define _getpty innocuous__getpty
| 
| /* System header to define __stub macros and hopefully few prototypes,
|     which can conflict with char _getpty (); below.
|     Prefer <limits.h> to <assert.h> if __STDC__ is defined, since
|     <limits.h> exists even on freestanding compilers.  */
| 
| #ifdef __STDC__
| # include <limits.h>
| #else
| # include <assert.h>
| #endif
| 
| #undef _getpty
| 
| /* Override any GCC internal prototype to avoid an error.
|    Use char because int might match the return type of a GCC
|    builtin and then its argument prototype would still apply.  */
| #ifdef __cplusplus
| extern "C"
| #endif
| char _getpty ();
| /* The GNU C library defines this for functions which it implements
|     to always fail with ENOSYS.  Some functions are actually named
|     something starting with __ and the normal name is an alias.  */
| #if defined __stub__getpty || defined __stub____getpty
| choke me
| #endif
| 
| int
| main ()
| {
| return _getpty ();
|   ;
|   return 0;
| }
configure:12037: result: no
configure:12050: checking for daemon
configure:12050: gcc -o conftest -g -O2 -Wall -Wextra -Wno-long-long -pedantic   conftest.c -lz -ldl -lutil -lnsl  -lpthread >&5
configure:12050: $? = 0
configure:12050: result: yes
configure:12050: checking for waitpid
configure:12050: gcc -o conftest -g -O2 -Wall -Wextra -Wno-long-long -pedantic   conftest.c -lz -ldl -lutil -lnsl  -lpthread >&5
configure:12050: $? = 0
configure:12050: result: yes
configure:12050: checking for wait4
configure:12050: gcc -o conftest -g -O2 -Wall -Wextra -Wno-long-long -pedantic   conftest.c -lz -ldl -lutil -lnsl  -lpthread >&5
configure:12050: $? = 0
configure:12050: result: yes
configure:12050: checking for setsid
configure:12050: gcc -o conftest -g -O2 -Wall -Wextra -Wno-long-long -pedantic   conftest.c -lz -ldl -lutil -lnsl  -lpthread >&5
configure:12050: $? = 0
configure:12050: result: yes
configure:12050: checking for setgroups
configure:12050: gcc -o conftest -g -O2 -Wall -Wextra -Wno-long-long -pedantic   conftest.c -lz -ldl -lutil -lnsl  -lpthread >&5
configure:12050: $? = 0
configure:12050: result: yes
configure:12050: checking for chroot
configure:12050: gcc -o conftest -g -O2 -Wall -Wextra -Wno-long-long -pedantic   conftest.c -lz -ldl -lutil -lnsl  -lpthread >&5
configure:12050: $? = 0
configure:12050: result: yes
configure:12063: checking for sysconf
configure:12063: gcc -o conftest -g -O2 -Wall -Wextra -Wno-long-long -pedantic   conftest.c -lz -ldl -lutil -lnsl  -lpthread >&5
configure:12063: $? = 0
configure:12063: result: yes
configure:12063: checking for getrlimit
configure:12063: gcc -o conftest -g -O2 -Wall -Wextra -Wno-long-long -pedantic   conftest.c -lz -ldl -lutil -lnsl  -lpthread >&5
configure:12063: $? = 0
configure:12063: result: yes
configure:12076: checking for pthread_sigmask
configure:12076: gcc -o conftest -g -O2 -Wall -Wextra -Wno-long-long -pedantic   conftest.c -lz -ldl -lutil -lnsl  -lpthread >&5
configure:12076: $? = 0
configure:12076: result: yes
configure:12076: checking for localtime_r
configure:12076: gcc -o conftest -g -O2 -Wall -Wextra -Wno-long-long -pedantic   conftest.c -lz -ldl -lutil -lnsl  -lpthread >&5
configure:12076: $? = 0
configure:12076: result: yes
configure:12089: checking for getcontext
configure:12089: gcc -o conftest -g -O2 -Wall -Wextra -Wno-long-long -pedantic   conftest.c -lz -ldl -lutil -lnsl  -lpthread >&5
configure:12089: $? = 0
configure:12089: result: yes
configure:12089: checking for __makecontext_v2
configure:12089: gcc -o conftest -g -O2 -Wall -Wextra -Wno-long-long -pedantic   conftest.c -lz -ldl -lutil -lnsl  -lpthread >&5
/tmp/ccGtx8fm.o: In function `main':
/home/vnimmaga/.emacs.d/elpa/stunnel-4.52/conftest.c:102: undefined reference to `__makecontext_v2'
collect2: ld returned 1 exit status
configure:12089: $? = 1
configure: failed program was:
| /* confdefs.h */
| #define PACKAGE_NAME "stunnel"
| #define PACKAGE_TARNAME "stunnel"
| #define PACKAGE_VERSION "4.52"
| #define PACKAGE_STRING "stunnel 4.52"
| #define PACKAGE_BUGREPORT ""
| #define PACKAGE_URL ""
| #define PACKAGE "stunnel"
| #define VERSION "4.52"
| #define _GNU_SOURCE 1
| #define HOST "x86_64-unknown-linux-gnu"
| #define CPU_X86_64 1
| #define VENDOR_UNKNOWN 1
| #define OS_LINUX_GNU 1
| #define STDC_HEADERS 1
| #define HAVE_SYS_TYPES_H 1
| #define HAVE_SYS_STAT_H 1
| #define HAVE_STDLIB_H 1
| #define HAVE_STRING_H 1
| #define HAVE_MEMORY_H 1
| #define HAVE_STRINGS_H 1
| #define HAVE_INTTYPES_H 1
| #define HAVE_STDINT_H 1
| #define HAVE_UNISTD_H 1
| #define HAVE_DLFCN_H 1
| #define LT_OBJDIR ".libs/"
| #define SIZEOF_UNSIGNED_CHAR 1
| #define SIZEOF_UNSIGNED_SHORT 2
| #define SIZEOF_UNSIGNED_INT 4
| #define SIZEOF_UNSIGNED_LONG 8
| #define HAVE_STRUCT_SOCKADDR_UN 1
| #define HAVE_STRUCT_ADDRINFO 1
| #define HAVE_DEV_PTMX 1
| #define RANDOM_FILE "/dev/urandom"
| #define HAVE_UCONTEXT_H 1
| #define HAVE_PTHREAD_H 1
| #define HAVE_POLL_H 1
| #define HAVE_STROPTS_H 1
| #define HAVE_GRP_H 1
| #define HAVE_UNISTD_H 1
| #define HAVE_PTY_H 1
| #define HAVE_SYS_SELECT_H 1
| #define HAVE_SYS_POLL_H 1
| #define HAVE_SYS_SOCKET_H 1
| #define HAVE_SYS_UN_H 1
| #define HAVE_SYS_IOCTL_H 1
| #define HAVE_SYS_RESOURCE_H 1
| #define HAVE_STRUCT_MSGHDR_MSG_CONTROL 1
| #define HAVE_MSGHDR_MSG_CONTROL 1
| #define HAVE_LINUX_NETFILTER_IPV4_H 1
| #define HAVE_LIBPTHREAD 1
| #define USE_PTHREAD 1
| #define HAVE_SNPRINTF 1
| #define HAVE_VSNPRINTF 1
| #define HAVE_OPENPTY 1
| #define HAVE_DAEMON 1
| #define HAVE_WAITPID 1
| #define HAVE_WAIT4 1
| #define HAVE_SETSID 1
| #define HAVE_SETGROUPS 1
| #define HAVE_CHROOT 1
| #define HAVE_SYSCONF 1
| #define HAVE_GETRLIMIT 1
| #define HAVE_PTHREAD_SIGMASK 1
| #define HAVE_LOCALTIME_R 1
| #define HAVE_GETCONTEXT 1
| /* end confdefs.h.  */
| /* Define __makecontext_v2 to an innocuous variant, in case <limits.h> declares __makecontext_v2.
|    For example, HP-UX 11i <limits.h> declares gettimeofday.  */
| #define __makecontext_v2 innocuous___makecontext_v2
| 
| /* System header to define __stub macros and hopefully few prototypes,
|     which can conflict with char __makecontext_v2 (); below.
|     Prefer <limits.h> to <assert.h> if __STDC__ is defined, since
|     <limits.h> exists even on freestanding compilers.  */
| 
| #ifdef __STDC__
| # include <limits.h>
| #else
| # include <assert.h>
| #endif
| 
| #undef __makecontext_v2
| 
| /* Override any GCC internal prototype to avoid an error.
|    Use char because int might match the return type of a GCC
|    builtin and then its argument prototype would still apply.  */
| #ifdef __cplusplus
| extern "C"
| #endif
| char __makecontext_v2 ();
| /* The GNU C library defines this for functions which it implements
|     to always fail with ENOSYS.  Some functions are actually named
|     something starting with __ and the normal name is an alias.  */
| #if defined __stub___makecontext_v2 || defined __stub_____makecontext_v2
| choke me
| #endif
| 
| int
| main ()
| {
| return __makecontext_v2 ();
|   ;
|   return 0;
| }
configure:12089: result: no
configure:12102: checking for poll
configure:12102: gcc -o conftest -g -O2 -Wall -Wextra -Wno-long-long -pedantic   conftest.c -lz -ldl -lutil -lnsl  -lpthread >&5
configure:12102: $? = 0
configure:12102: result: yes
configure:12102: checking for gethostbyname2
configure:12102: gcc -o conftest -g -O2 -Wall -Wextra -Wno-long-long -pedantic   conftest.c -lz -ldl -lutil -lnsl  -lpthread >&5
configure:12102: $? = 0
configure:12102: result: yes
configure:12102: checking for endhostent
configure:12102: gcc -o conftest -g -O2 -Wall -Wextra -Wno-long-long -pedantic   conftest.c -lz -ldl -lutil -lnsl  -lpthread >&5
configure:12102: $? = 0
configure:12102: result: yes
configure:12102: checking for getnameinfo
configure:12102: gcc -o conftest -g -O2 -Wall -Wextra -Wno-long-long -pedantic   conftest.c -lz -ldl -lutil -lnsl  -lpthread >&5
configure:12102: $? = 0
configure:12102: result: yes
configure:12111: checking for getaddrinfo
configure:12137: gcc -o conftest -g -O2 -Wall -Wextra -Wno-long-long -pedantic   conftest.c -lz -ldl -lutil -lnsl  -lpthread >&5
configure:12137: $? = 0
configure:12138: result: yes
configure:12151: checking for broken poll() implementation
configure:12162: result: no
configure:12170: checking for pipe2
configure:12170: gcc -o conftest -g -O2 -Wall -Wextra -Wno-long-long -pedantic   conftest.c -lz -ldl -lutil -lnsl  -lpthread >&5
configure:12170: $? = 0
configure:12170: result: yes
configure:12170: checking for accept4
configure:12170: gcc -o conftest -g -O2 -Wall -Wextra -Wno-long-long -pedantic   conftest.c -lz -ldl -lutil -lnsl  -lpthread >&5
configure:12170: $? = 0
configure:12170: result: yes
configure:12180: **************************************** optional features
configure:12183: checking whether to enable IPv6 support
configure:12205: result: yes
configure:12214: checking whether to disable TCP wrappers library support
configure:12238: result: autodetecting
configure:12240: checking for hosts_access in -lwrap
configure:12256: gcc -o conftest -g -O2 -Wall -Wextra -Wno-long-long -pedantic   conftest.c -lz -ldl -lutil -lnsl  -lpthread -lwrap >&5
/usr/bin/ld: cannot find -lwrap
collect2: ld returned 1 exit status
configure:12256: $? = 1
configure: failed program was:
| /* confdefs.h */
| #define PACKAGE_NAME "stunnel"
| #define PACKAGE_TARNAME "stunnel"
| #define PACKAGE_VERSION "4.52"
| #define PACKAGE_STRING "stunnel 4.52"
| #define PACKAGE_BUGREPORT ""
| #define PACKAGE_URL ""
| #define PACKAGE "stunnel"
| #define VERSION "4.52"
| #define _GNU_SOURCE 1
| #define HOST "x86_64-unknown-linux-gnu"
| #define CPU_X86_64 1
| #define VENDOR_UNKNOWN 1
| #define OS_LINUX_GNU 1
| #define STDC_HEADERS 1
| #define HAVE_SYS_TYPES_H 1
| #define HAVE_SYS_STAT_H 1
| #define HAVE_STDLIB_H 1
| #define HAVE_STRING_H 1
| #define HAVE_MEMORY_H 1
| #define HAVE_STRINGS_H 1
| #define HAVE_INTTYPES_H 1
| #define HAVE_STDINT_H 1
| #define HAVE_UNISTD_H 1
| #define HAVE_DLFCN_H 1
| #define LT_OBJDIR ".libs/"
| #define SIZEOF_UNSIGNED_CHAR 1
| #define SIZEOF_UNSIGNED_SHORT 2
| #define SIZEOF_UNSIGNED_INT 4
| #define SIZEOF_UNSIGNED_LONG 8
| #define HAVE_STRUCT_SOCKADDR_UN 1
| #define HAVE_STRUCT_ADDRINFO 1
| #define HAVE_DEV_PTMX 1
| #define RANDOM_FILE "/dev/urandom"
| #define HAVE_UCONTEXT_H 1
| #define HAVE_PTHREAD_H 1
| #define HAVE_POLL_H 1
| #define HAVE_STROPTS_H 1
| #define HAVE_GRP_H 1
| #define HAVE_UNISTD_H 1
| #define HAVE_PTY_H 1
| #define HAVE_SYS_SELECT_H 1
| #define HAVE_SYS_POLL_H 1
| #define HAVE_SYS_SOCKET_H 1
| #define HAVE_SYS_UN_H 1
| #define HAVE_SYS_IOCTL_H 1
| #define HAVE_SYS_RESOURCE_H 1
| #define HAVE_STRUCT_MSGHDR_MSG_CONTROL 1
| #define HAVE_MSGHDR_MSG_CONTROL 1
| #define HAVE_LINUX_NETFILTER_IPV4_H 1
| #define HAVE_LIBPTHREAD 1
| #define USE_PTHREAD 1
| #define HAVE_SNPRINTF 1
| #define HAVE_VSNPRINTF 1
| #define HAVE_OPENPTY 1
| #define HAVE_DAEMON 1
| #define HAVE_WAITPID 1
| #define HAVE_WAIT4 1
| #define HAVE_SETSID 1
| #define HAVE_SETGROUPS 1
| #define HAVE_CHROOT 1
| #define HAVE_SYSCONF 1
| #define HAVE_GETRLIMIT 1
| #define HAVE_PTHREAD_SIGMASK 1
| #define HAVE_LOCALTIME_R 1
| #define HAVE_GETCONTEXT 1
| #define HAVE_POLL 1
| #define HAVE_GETHOSTBYNAME2 1
| #define HAVE_ENDHOSTENT 1
| #define HAVE_GETNAMEINFO 1
| #define HAVE_GETADDRINFO 1
| #define HAVE_PIPE2 1
| #define HAVE_ACCEPT4 1
| #define USE_IPv6 1
| /* end confdefs.h.  */
| int hosts_access(); int allow_severity, deny_severity;
| int
| main ()
| {
| hosts_access()
| 
|   ;
|   return 0;
| }
configure:12262: result: no
configure:12274: checking whether to enable FIPS mode support
configure:12303: result: autodetecting
configure:12310: **************************************** SSL
configure:12321: checking for SSL directory
configure:12348: result: /usr/
configure:12361: checking /usr//include/openssl/engine.h usability
configure:12361: gcc -c -g -O2 -Wall -Wextra -Wno-long-long -pedantic  -I/usr//include conftest.c >&5
conftest.c:110: fatal error: /usr//include/openssl/engine.h: No such file or directory
compilation terminated.
configure:12361: $? = 1
configure: failed program was:
| /* confdefs.h */
| #define PACKAGE_NAME "stunnel"
| #define PACKAGE_TARNAME "stunnel"
| #define PACKAGE_VERSION "4.52"
| #define PACKAGE_STRING "stunnel 4.52"
| #define PACKAGE_BUGREPORT ""
| #define PACKAGE_URL ""
| #define PACKAGE "stunnel"
| #define VERSION "4.52"
| #define _GNU_SOURCE 1
| #define HOST "x86_64-unknown-linux-gnu"
| #define CPU_X86_64 1
| #define VENDOR_UNKNOWN 1
| #define OS_LINUX_GNU 1
| #define STDC_HEADERS 1
| #define HAVE_SYS_TYPES_H 1
| #define HAVE_SYS_STAT_H 1
| #define HAVE_STDLIB_H 1
| #define HAVE_STRING_H 1
| #define HAVE_MEMORY_H 1
| #define HAVE_STRINGS_H 1
| #define HAVE_INTTYPES_H 1
| #define HAVE_STDINT_H 1
| #define HAVE_UNISTD_H 1
| #define HAVE_DLFCN_H 1
| #define LT_OBJDIR ".libs/"
| #define SIZEOF_UNSIGNED_CHAR 1
| #define SIZEOF_UNSIGNED_SHORT 2
| #define SIZEOF_UNSIGNED_INT 4
| #define SIZEOF_UNSIGNED_LONG 8
| #define HAVE_STRUCT_SOCKADDR_UN 1
| #define HAVE_STRUCT_ADDRINFO 1
| #define HAVE_DEV_PTMX 1
| #define RANDOM_FILE "/dev/urandom"
| #define HAVE_UCONTEXT_H 1
| #define HAVE_PTHREAD_H 1
| #define HAVE_POLL_H 1
| #define HAVE_STROPTS_H 1
| #define HAVE_GRP_H 1
| #define HAVE_UNISTD_H 1
| #define HAVE_PTY_H 1
| #define HAVE_SYS_SELECT_H 1
| #define HAVE_SYS_POLL_H 1
| #define HAVE_SYS_SOCKET_H 1
| #define HAVE_SYS_UN_H 1
| #define HAVE_SYS_IOCTL_H 1
| #define HAVE_SYS_RESOURCE_H 1
| #define HAVE_STRUCT_MSGHDR_MSG_CONTROL 1
| #define HAVE_MSGHDR_MSG_CONTROL 1
| #define HAVE_LINUX_NETFILTER_IPV4_H 1
| #define HAVE_LIBPTHREAD 1
| #define USE_PTHREAD 1
| #define HAVE_SNPRINTF 1
| #define HAVE_VSNPRINTF 1
| #define HAVE_OPENPTY 1
| #define HAVE_DAEMON 1
| #define HAVE_WAITPID 1
| #define HAVE_WAIT4 1
| #define HAVE_SETSID 1
| #define HAVE_SETGROUPS 1
| #define HAVE_CHROOT 1
| #define HAVE_SYSCONF 1
| #define HAVE_GETRLIMIT 1
| #define HAVE_PTHREAD_SIGMASK 1
| #define HAVE_LOCALTIME_R 1
| #define HAVE_GETCONTEXT 1
| #define HAVE_POLL 1
| #define HAVE_GETHOSTBYNAME2 1
| #define HAVE_ENDHOSTENT 1
| #define HAVE_GETNAMEINFO 1
| #define HAVE_GETADDRINFO 1
| #define HAVE_PIPE2 1
| #define HAVE_ACCEPT4 1
| #define USE_IPv6 1
| #define SSLDIR "/usr/"
| /* end confdefs.h.  */
| #include <stdio.h>
| #ifdef HAVE_SYS_TYPES_H
| # include <sys/types.h>
| #endif
| #ifdef HAVE_SYS_STAT_H
| # include <sys/stat.h>
| #endif
| #ifdef STDC_HEADERS
| # include <stdlib.h>
| # include <stddef.h>
| #else
| # ifdef HAVE_STDLIB_H
| #  include <stdlib.h>
| # endif
| #endif
| #ifdef HAVE_STRING_H
| # if !defined STDC_HEADERS && defined HAVE_MEMORY_H
| #  include <memory.h>
| # endif
| # include <string.h>
| #endif
| #ifdef HAVE_STRINGS_H
| # include <strings.h>
| #endif
| #ifdef HAVE_INTTYPES_H
| # include <inttypes.h>
| #endif
| #ifdef HAVE_STDINT_H
| # include <stdint.h>
| #endif
| #ifdef HAVE_UNISTD_H
| # include <unistd.h>
| #endif
| #include </usr//include/openssl/engine.h>
configure:12361: result: no
configure:12361: checking /usr//include/openssl/engine.h presence
configure:12361: gcc -E  -I/usr//include conftest.c
conftest.c:77: fatal error: /usr//include/openssl/engine.h: No such file or directory
compilation terminated.
configure:12361: $? = 1
configure: failed program was:
| /* confdefs.h */
| #define PACKAGE_NAME "stunnel"
| #define PACKAGE_TARNAME "stunnel"
| #define PACKAGE_VERSION "4.52"
| #define PACKAGE_STRING "stunnel 4.52"
| #define PACKAGE_BUGREPORT ""
| #define PACKAGE_URL ""
| #define PACKAGE "stunnel"
| #define VERSION "4.52"
| #define _GNU_SOURCE 1
| #define HOST "x86_64-unknown-linux-gnu"
| #define CPU_X86_64 1
| #define VENDOR_UNKNOWN 1
| #define OS_LINUX_GNU 1
| #define STDC_HEADERS 1
| #define HAVE_SYS_TYPES_H 1
| #define HAVE_SYS_STAT_H 1
| #define HAVE_STDLIB_H 1
| #define HAVE_STRING_H 1
| #define HAVE_MEMORY_H 1
| #define HAVE_STRINGS_H 1
| #define HAVE_INTTYPES_H 1
| #define HAVE_STDINT_H 1
| #define HAVE_UNISTD_H 1
| #define HAVE_DLFCN_H 1
| #define LT_OBJDIR ".libs/"
| #define SIZEOF_UNSIGNED_CHAR 1
| #define SIZEOF_UNSIGNED_SHORT 2
| #define SIZEOF_UNSIGNED_INT 4
| #define SIZEOF_UNSIGNED_LONG 8
| #define HAVE_STRUCT_SOCKADDR_UN 1
| #define HAVE_STRUCT_ADDRINFO 1
| #define HAVE_DEV_PTMX 1
| #define RANDOM_FILE "/dev/urandom"
| #define HAVE_UCONTEXT_H 1
| #define HAVE_PTHREAD_H 1
| #define HAVE_POLL_H 1
| #define HAVE_STROPTS_H 1
| #define HAVE_GRP_H 1
| #define HAVE_UNISTD_H 1
| #define HAVE_PTY_H 1
| #define HAVE_SYS_SELECT_H 1
| #define HAVE_SYS_POLL_H 1
| #define HAVE_SYS_SOCKET_H 1
| #define HAVE_SYS_UN_H 1
| #define HAVE_SYS_IOCTL_H 1
| #define HAVE_SYS_RESOURCE_H 1
| #define HAVE_STRUCT_MSGHDR_MSG_CONTROL 1
| #define HAVE_MSGHDR_MSG_CONTROL 1
| #define HAVE_LINUX_NETFILTER_IPV4_H 1
| #define HAVE_LIBPTHREAD 1
| #define USE_PTHREAD 1
| #define HAVE_SNPRINTF 1
| #define HAVE_VSNPRINTF 1
| #define HAVE_OPENPTY 1
| #define HAVE_DAEMON 1
| #define HAVE_WAITPID 1
| #define HAVE_WAIT4 1
| #define HAVE_SETSID 1
| #define HAVE_SETGROUPS 1
| #define HAVE_CHROOT 1
| #define HAVE_SYSCONF 1
| #define HAVE_GETRLIMIT 1
| #define HAVE_PTHREAD_SIGMASK 1
| #define HAVE_LOCALTIME_R 1
| #define HAVE_GETCONTEXT 1
| #define HAVE_POLL 1
| #define HAVE_GETHOSTBYNAME2 1
| #define HAVE_ENDHOSTENT 1
| #define HAVE_GETNAMEINFO 1
| #define HAVE_GETADDRINFO 1
| #define HAVE_PIPE2 1
| #define HAVE_ACCEPT4 1
| #define USE_IPv6 1
| #define SSLDIR "/usr/"
| /* end confdefs.h.  */
| #include </usr//include/openssl/engine.h>
configure:12361: result: no
configure:12361: checking for /usr//include/openssl/engine.h
configure:12361: result: no
configure:12367: WARNING: OpenSSL engine header not found
configure:12374: checking /usr//include/openssl/ocsp.h usability
configure:12374: gcc -c -g -O2 -Wall -Wextra -Wno-long-long -pedantic  -I/usr//include conftest.c >&5
conftest.c:110: fatal error: /usr//include/openssl/ocsp.h: No such file or directory
compilation terminated.
configure:12374: $? = 1
configure: failed program was:
| /* confdefs.h */
| #define PACKAGE_NAME "stunnel"
| #define PACKAGE_TARNAME "stunnel"
| #define PACKAGE_VERSION "4.52"
| #define PACKAGE_STRING "stunnel 4.52"
| #define PACKAGE_BUGREPORT ""
| #define PACKAGE_URL ""
| #define PACKAGE "stunnel"
| #define VERSION "4.52"
| #define _GNU_SOURCE 1
| #define HOST "x86_64-unknown-linux-gnu"
| #define CPU_X86_64 1
| #define VENDOR_UNKNOWN 1
| #define OS_LINUX_GNU 1
| #define STDC_HEADERS 1
| #define HAVE_SYS_TYPES_H 1
| #define HAVE_SYS_STAT_H 1
| #define HAVE_STDLIB_H 1
| #define HAVE_STRING_H 1
| #define HAVE_MEMORY_H 1
| #define HAVE_STRINGS_H 1
| #define HAVE_INTTYPES_H 1
| #define HAVE_STDINT_H 1
| #define HAVE_UNISTD_H 1
| #define HAVE_DLFCN_H 1
| #define LT_OBJDIR ".libs/"
| #define SIZEOF_UNSIGNED_CHAR 1
| #define SIZEOF_UNSIGNED_SHORT 2
| #define SIZEOF_UNSIGNED_INT 4
| #define SIZEOF_UNSIGNED_LONG 8
| #define HAVE_STRUCT_SOCKADDR_UN 1
| #define HAVE_STRUCT_ADDRINFO 1
| #define HAVE_DEV_PTMX 1
| #define RANDOM_FILE "/dev/urandom"
| #define HAVE_UCONTEXT_H 1
| #define HAVE_PTHREAD_H 1
| #define HAVE_POLL_H 1
| #define HAVE_STROPTS_H 1
| #define HAVE_GRP_H 1
| #define HAVE_UNISTD_H 1
| #define HAVE_PTY_H 1
| #define HAVE_SYS_SELECT_H 1
| #define HAVE_SYS_POLL_H 1
| #define HAVE_SYS_SOCKET_H 1
| #define HAVE_SYS_UN_H 1
| #define HAVE_SYS_IOCTL_H 1
| #define HAVE_SYS_RESOURCE_H 1
| #define HAVE_STRUCT_MSGHDR_MSG_CONTROL 1
| #define HAVE_MSGHDR_MSG_CONTROL 1
| #define HAVE_LINUX_NETFILTER_IPV4_H 1
| #define HAVE_LIBPTHREAD 1
| #define USE_PTHREAD 1
| #define HAVE_SNPRINTF 1
| #define HAVE_VSNPRINTF 1
| #define HAVE_OPENPTY 1
| #define HAVE_DAEMON 1
| #define HAVE_WAITPID 1
| #define HAVE_WAIT4 1
| #define HAVE_SETSID 1
| #define HAVE_SETGROUPS 1
| #define HAVE_CHROOT 1
| #define HAVE_SYSCONF 1
| #define HAVE_GETRLIMIT 1
| #define HAVE_PTHREAD_SIGMASK 1
| #define HAVE_LOCALTIME_R 1
| #define HAVE_GETCONTEXT 1
| #define HAVE_POLL 1
| #define HAVE_GETHOSTBYNAME2 1
| #define HAVE_ENDHOSTENT 1
| #define HAVE_GETNAMEINFO 1
| #define HAVE_GETADDRINFO 1
| #define HAVE_PIPE2 1
| #define HAVE_ACCEPT4 1
| #define USE_IPv6 1
| #define SSLDIR "/usr/"
| /* end confdefs.h.  */
| #include <stdio.h>
| #ifdef HAVE_SYS_TYPES_H
| # include <sys/types.h>
| #endif
| #ifdef HAVE_SYS_STAT_H
| # include <sys/stat.h>
| #endif
| #ifdef STDC_HEADERS
| # include <stdlib.h>
| # include <stddef.h>
| #else
| # ifdef HAVE_STDLIB_H
| #  include <stdlib.h>
| # endif
| #endif
| #ifdef HAVE_STRING_H
| # if !defined STDC_HEADERS && defined HAVE_MEMORY_H
| #  include <memory.h>
| # endif
| # include <string.h>
| #endif
| #ifdef HAVE_STRINGS_H
| # include <strings.h>
| #endif
| #ifdef HAVE_INTTYPES_H
| # include <inttypes.h>
| #endif
| #ifdef HAVE_STDINT_H
| # include <stdint.h>
| #endif
| #ifdef HAVE_UNISTD_H
| # include <unistd.h>
| #endif
| #include </usr//include/openssl/ocsp.h>
configure:12374: result: no
configure:12374: checking /usr//include/openssl/ocsp.h presence
configure:12374: gcc -E  -I/usr//include conftest.c
conftest.c:77: fatal error: /usr//include/openssl/ocsp.h: No such file or directory
compilation terminated.
configure:12374: $? = 1
configure: failed program was:
| /* confdefs.h */
| #define PACKAGE_NAME "stunnel"
| #define PACKAGE_TARNAME "stunnel"
| #define PACKAGE_VERSION "4.52"
| #define PACKAGE_STRING "stunnel 4.52"
| #define PACKAGE_BUGREPORT ""
| #define PACKAGE_URL ""
| #define PACKAGE "stunnel"
| #define VERSION "4.52"
| #define _GNU_SOURCE 1
| #define HOST "x86_64-unknown-linux-gnu"
| #define CPU_X86_64 1
| #define VENDOR_UNKNOWN 1
| #define OS_LINUX_GNU 1
| #define STDC_HEADERS 1
| #define HAVE_SYS_TYPES_H 1
| #define HAVE_SYS_STAT_H 1
| #define HAVE_STDLIB_H 1
| #define HAVE_STRING_H 1
| #define HAVE_MEMORY_H 1
| #define HAVE_STRINGS_H 1
| #define HAVE_INTTYPES_H 1
| #define HAVE_STDINT_H 1
| #define HAVE_UNISTD_H 1
| #define HAVE_DLFCN_H 1
| #define LT_OBJDIR ".libs/"
| #define SIZEOF_UNSIGNED_CHAR 1
| #define SIZEOF_UNSIGNED_SHORT 2
| #define SIZEOF_UNSIGNED_INT 4
| #define SIZEOF_UNSIGNED_LONG 8
| #define HAVE_STRUCT_SOCKADDR_UN 1
| #define HAVE_STRUCT_ADDRINFO 1
| #define HAVE_DEV_PTMX 1
| #define RANDOM_FILE "/dev/urandom"
| #define HAVE_UCONTEXT_H 1
| #define HAVE_PTHREAD_H 1
| #define HAVE_POLL_H 1
| #define HAVE_STROPTS_H 1
| #define HAVE_GRP_H 1
| #define HAVE_UNISTD_H 1
| #define HAVE_PTY_H 1
| #define HAVE_SYS_SELECT_H 1
| #define HAVE_SYS_POLL_H 1
| #define HAVE_SYS_SOCKET_H 1
| #define HAVE_SYS_UN_H 1
| #define HAVE_SYS_IOCTL_H 1
| #define HAVE_SYS_RESOURCE_H 1
| #define HAVE_STRUCT_MSGHDR_MSG_CONTROL 1
| #define HAVE_MSGHDR_MSG_CONTROL 1
| #define HAVE_LINUX_NETFILTER_IPV4_H 1
| #define HAVE_LIBPTHREAD 1
| #define USE_PTHREAD 1
| #define HAVE_SNPRINTF 1
| #define HAVE_VSNPRINTF 1
| #define HAVE_OPENPTY 1
| #define HAVE_DAEMON 1
| #define HAVE_WAITPID 1
| #define HAVE_WAIT4 1
| #define HAVE_SETSID 1
| #define HAVE_SETGROUPS 1
| #define HAVE_CHROOT 1
| #define HAVE_SYSCONF 1
| #define HAVE_GETRLIMIT 1
| #define HAVE_PTHREAD_SIGMASK 1
| #define HAVE_LOCALTIME_R 1
| #define HAVE_GETCONTEXT 1
| #define HAVE_POLL 1
| #define HAVE_GETHOSTBYNAME2 1
| #define HAVE_ENDHOSTENT 1
| #define HAVE_GETNAMEINFO 1
| #define HAVE_GETADDRINFO 1
| #define HAVE_PIPE2 1
| #define HAVE_ACCEPT4 1
| #define USE_IPv6 1
| #define SSLDIR "/usr/"
| /* end confdefs.h.  */
| #include </usr//include/openssl/ocsp.h>
configure:12374: result: no
configure:12374: checking for /usr//include/openssl/ocsp.h
configure:12374: result: no
configure:12380: WARNING: OpenSSL ocsp header not found
configure:12386: checking for FIPS_mode_set
configure:12400: gcc -o conftest -g -O2 -Wall -Wextra -Wno-long-long -pedantic  -I/usr//include  conftest.c -lz -ldl -lutil -lnsl  -lpthread -L/usr//lib64 -L/usr//lib -lssl -lcrypto >&5
conftest.c:77: fatal error: openssl/fips.h: No such file or directory
compilation terminated.
configure:12400: $? = 1
configure: failed program was:
| /* confdefs.h */
| #define PACKAGE_NAME "stunnel"
| #define PACKAGE_TARNAME "stunnel"
| #define PACKAGE_VERSION "4.52"
| #define PACKAGE_STRING "stunnel 4.52"
| #define PACKAGE_BUGREPORT ""
| #define PACKAGE_URL ""
| #define PACKAGE "stunnel"
| #define VERSION "4.52"
| #define _GNU_SOURCE 1
| #define HOST "x86_64-unknown-linux-gnu"
| #define CPU_X86_64 1
| #define VENDOR_UNKNOWN 1
| #define OS_LINUX_GNU 1
| #define STDC_HEADERS 1
| #define HAVE_SYS_TYPES_H 1
| #define HAVE_SYS_STAT_H 1
| #define HAVE_STDLIB_H 1
| #define HAVE_STRING_H 1
| #define HAVE_MEMORY_H 1
| #define HAVE_STRINGS_H 1
| #define HAVE_INTTYPES_H 1
| #define HAVE_STDINT_H 1
| #define HAVE_UNISTD_H 1
| #define HAVE_DLFCN_H 1
| #define LT_OBJDIR ".libs/"
| #define SIZEOF_UNSIGNED_CHAR 1
| #define SIZEOF_UNSIGNED_SHORT 2
| #define SIZEOF_UNSIGNED_INT 4
| #define SIZEOF_UNSIGNED_LONG 8
| #define HAVE_STRUCT_SOCKADDR_UN 1
| #define HAVE_STRUCT_ADDRINFO 1
| #define HAVE_DEV_PTMX 1
| #define RANDOM_FILE "/dev/urandom"
| #define HAVE_UCONTEXT_H 1
| #define HAVE_PTHREAD_H 1
| #define HAVE_POLL_H 1
| #define HAVE_STROPTS_H 1
| #define HAVE_GRP_H 1
| #define HAVE_UNISTD_H 1
| #define HAVE_PTY_H 1
| #define HAVE_SYS_SELECT_H 1
| #define HAVE_SYS_POLL_H 1
| #define HAVE_SYS_SOCKET_H 1
| #define HAVE_SYS_UN_H 1
| #define HAVE_SYS_IOCTL_H 1
| #define HAVE_SYS_RESOURCE_H 1
| #define HAVE_STRUCT_MSGHDR_MSG_CONTROL 1
| #define HAVE_MSGHDR_MSG_CONTROL 1
| #define HAVE_LINUX_NETFILTER_IPV4_H 1
| #define HAVE_LIBPTHREAD 1
| #define USE_PTHREAD 1
| #define HAVE_SNPRINTF 1
| #define HAVE_VSNPRINTF 1
| #define HAVE_OPENPTY 1
| #define HAVE_DAEMON 1
| #define HAVE_WAITPID 1
| #define HAVE_WAIT4 1
| #define HAVE_SETSID 1
| #define HAVE_SETGROUPS 1
| #define HAVE_CHROOT 1
| #define HAVE_SYSCONF 1
| #define HAVE_GETRLIMIT 1
| #define HAVE_PTHREAD_SIGMASK 1
| #define HAVE_LOCALTIME_R 1
| #define HAVE_GETCONTEXT 1
| #define HAVE_POLL 1
| #define HAVE_GETHOSTBYNAME2 1
| #define HAVE_ENDHOSTENT 1
| #define HAVE_GETNAMEINFO 1
| #define HAVE_GETADDRINFO 1
| #define HAVE_PIPE2 1
| #define HAVE_ACCEPT4 1
| #define USE_IPv6 1
| #define SSLDIR "/usr/"
| /* end confdefs.h.  */
| #include <openssl/fips.h>
| int
| main ()
| {
| FIPS_mode_set(1);
|   ;
|   return 0;
| }
configure:12409: result: no
configure:12424: **************************************** write the results
configure:12547: creating ./config.status

## ---------------------- ##
## Running config.status. ##
## ---------------------- ##

This file was extended by stunnel config.status 4.52, which was
generated by GNU Autoconf 2.67.  Invocation command line was

  CONFIG_FILES    = 
  CONFIG_HEADERS  = 
  CONFIG_LINKS    = 
  CONFIG_COMMANDS = 
  $ ./config.status 

on CV-LT38

config.status:1136: creating Makefile
config.status:1136: creating src/Makefile
config.status:1136: creating src/stunnel3
config.status:1136: creating doc/Makefile
config.status:1136: creating tools/Makefile
config.status:1136: creating tools/stunnel.conf-sample
config.status:1136: creating tools/stunnel.init
config.status:1136: creating tools/stunnel.service
config.status:1136: creating src/config.h
config.status:1316: src/config.h is unchanged
config.status:1364: executing depfiles commands
config.status:1364: executing libtool commands
configure:14772: **************************************** success

## ---------------- ##
## Cache variables. ##
## ---------------- ##

ac_cv_build=x86_64-unknown-linux-gnu
ac_cv_c_compiler_gnu=yes
ac_cv_env_CC_set=
ac_cv_env_CC_value=
ac_cv_env_CFLAGS_set=
ac_cv_env_CFLAGS_value=
ac_cv_env_CPPFLAGS_set=
ac_cv_env_CPPFLAGS_value=
ac_cv_env_CPP_set=
ac_cv_env_CPP_value=
ac_cv_env_LDFLAGS_set=
ac_cv_env_LDFLAGS_value=
ac_cv_env_LIBS_set=
ac_cv_env_LIBS_value=
ac_cv_env_build_alias_set=
ac_cv_env_build_alias_value=
ac_cv_env_host_alias_set=
ac_cv_env_host_alias_value=
ac_cv_env_target_alias_set=
ac_cv_env_target_alias_value=
ac_cv_file__dev_ptc=no
ac_cv_file__dev_ptmx=yes
ac_cv_file__dev_urandom=yes
ac_cv_func___makecontext_v2=no
ac_cv_func__getpty=no
ac_cv_func_accept4=yes
ac_cv_func_chroot=yes
ac_cv_func_daemon=yes
ac_cv_func_endhostent=yes
ac_cv_func_getcontext=yes
ac_cv_func_gethostbyname2=yes
ac_cv_func_getnameinfo=yes
ac_cv_func_getrlimit=yes
ac_cv_func_localtime_r=yes
ac_cv_func_openpty=yes
ac_cv_func_pipe2=yes
ac_cv_func_poll=yes
ac_cv_func_pthread_sigmask=yes
ac_cv_func_setgroups=yes
ac_cv_func_setsid=yes
ac_cv_func_snprintf=yes
ac_cv_func_sysconf=yes
ac_cv_func_vsnprintf=yes
ac_cv_func_wait4=yes
ac_cv_func_waitpid=yes
ac_cv_header__usr__include_openssl_engine_h=no
ac_cv_header__usr__include_openssl_ocsp_h=no
ac_cv_header_dlfcn_h=yes
ac_cv_header_grp_h=yes
ac_cv_header_inttypes_h=yes
ac_cv_header_libutil_h=no
ac_cv_header_linux_netfilter_ipv4_h=yes
ac_cv_header_memory_h=yes
ac_cv_header_poll_h=yes
ac_cv_header_pthread_h=yes
ac_cv_header_pty_h=yes
ac_cv_header_stdc=yes
ac_cv_header_stdint_h=yes
ac_cv_header_stdlib_h=yes
ac_cv_header_string_h=yes
ac_cv_header_strings_h=yes
ac_cv_header_stropts_h=yes
ac_cv_header_sys_filio_h=no
ac_cv_header_sys_ioctl_h=yes
ac_cv_header_sys_poll_h=yes
ac_cv_header_sys_resource_h=yes
ac_cv_header_sys_select_h=yes
ac_cv_header_sys_socket_h=yes
ac_cv_header_sys_stat_h=yes
ac_cv_header_sys_types_h=yes
ac_cv_header_sys_un_h=yes
ac_cv_header_tcpd_h=no
ac_cv_header_ucontext_h=yes
ac_cv_header_unistd_h=yes
ac_cv_header_util_h=no
ac_cv_host=x86_64-unknown-linux-gnu
ac_cv_lib_c_pthread_create=no
ac_cv_lib_c_r_pthread_create=no
ac_cv_member_struct_msghdr_msg_control=yes
ac_cv_objext=o
ac_cv_path_EGREP='/bin/grep -E'
ac_cv_path_FGREP='/bin/grep -F'
ac_cv_path_GREP=/bin/grep
ac_cv_path_SED=/bin/sed
ac_cv_path_install='/usr/bin/install -c'
ac_cv_path_mkdir=/bin/mkdir
ac_cv_prog_AWK=gawk
ac_cv_prog_CPP='gcc -E'
ac_cv_prog_ac_ct_AR=ar
ac_cv_prog_ac_ct_CC=gcc
ac_cv_prog_ac_ct_OBJDUMP=objdump
ac_cv_prog_ac_ct_RANLIB=ranlib
ac_cv_prog_ac_ct_STRIP=strip
ac_cv_prog_cc_c89=
ac_cv_prog_cc_g=yes
ac_cv_prog_cc_gcc_c_o=yes
ac_cv_prog_make_make_set=yes
ac_cv_search_dlopen=-ldl
ac_cv_search_gethostbyname='none required'
ac_cv_search_inflateEnd=-lz
ac_cv_search_openpty=-lutil
ac_cv_search_shl_load=no
ac_cv_search_socket='none required'
ac_cv_search_yp_get_default_domain=-lnsl
ac_cv_sizeof_unsigned_char=1
ac_cv_sizeof_unsigned_int=4
ac_cv_sizeof_unsigned_long=8
ac_cv_sizeof_unsigned_short=2
ac_cv_type_struct_addrinfo=yes
ac_cv_type_struct_sockaddr_un=yes
am_cv_CC_dependencies_compiler_type=gcc3
lt_cv_deplibs_check_method=pass_all
lt_cv_file_magic_cmd='$MAGIC_CMD'
lt_cv_file_magic_test_file=
lt_cv_ld_reload_flag=-r
lt_cv_nm_interface='BSD nm'
lt_cv_objdir=.libs
lt_cv_path_LD=/usr/bin/ld
lt_cv_path_NM='/usr/bin/nm -B'
lt_cv_prog_compiler_c_o=yes
lt_cv_prog_compiler_pic_works=yes
lt_cv_prog_compiler_rtti_exceptions=no
lt_cv_prog_compiler_static_works=yes
lt_cv_prog_gnu_ld=yes
lt_cv_sys_global_symbol_pipe='sed -n -e '\''s/^.*[	 ]\([ABCDGIRSTW][ABCDGIRSTW]*\)[	 ][	 ]*\([_A-Za-z][_A-Za-z0-9]*\)$/\1 \2 \2/p'\'''
lt_cv_sys_global_symbol_to_c_name_address='sed -n -e '\''s/^: \([^ ]*\) $/  {\"\1\", (void *) 0},/p'\'' -e '\''s/^[ABCDGIRSTW]* \([^ ]*\) \([^ ]*\)$/  {"\2", (void *) \&\2},/p'\'''
lt_cv_sys_global_symbol_to_c_name_address_lib_prefix='sed -n -e '\''s/^: \([^ ]*\) $/  {\"\1\", (void *) 0},/p'\'' -e '\''s/^[ABCDGIRSTW]* \([^ ]*\) \(lib[^ ]*\)$/  {"\2", (void *) \&\2},/p'\'' -e '\''s/^[ABCDGIRSTW]* \([^ ]*\) \([^ ]*\)$/  {"lib\2", (void *) \&\2},/p'\'''
lt_cv_sys_global_symbol_to_cdecl='sed -n -e '\''s/^T .* \(.*\)$/extern int \1();/p'\'' -e '\''s/^[ABCDGIRSTW]* .* \(.*\)$/extern char \1;/p'\'''
lt_cv_sys_max_cmd_len=1572864

## ----------------- ##
## Output variables. ##
## ----------------- ##

ACLOCAL='${SHELL} /home/vnimmaga/.emacs.d/elpa/stunnel-4.52/auto/missing --run aclocal-1.11'
AMDEPBACKSLASH='\'
AMDEP_FALSE='#'
AMDEP_TRUE=''
AMTAR='${SHELL} /home/vnimmaga/.emacs.d/elpa/stunnel-4.52/auto/missing --run tar'
AR='ar'
AUTOCONF='${SHELL} /home/vnimmaga/.emacs.d/elpa/stunnel-4.52/auto/missing --run autoconf'
AUTOHEADER='${SHELL} /home/vnimmaga/.emacs.d/elpa/stunnel-4.52/auto/missing --run autoheader'
AUTOMAKE='${SHELL} /home/vnimmaga/.emacs.d/elpa/stunnel-4.52/auto/missing --run automake-1.11'
AWK='gawk'
CC='gcc'
CCDEPMODE='depmode=gcc3'
CFLAGS='-g -O2 -Wall -Wextra -Wno-long-long -pedantic'
CPP='gcc -E'
CPPFLAGS=''
CYGPATH_W='echo'
DEFAULT_GROUP='nogroup'
DEFS='-DHAVE_CONFIG_H'
DEPDIR='.deps'
DSYMUTIL=''
DUMPBIN=''
ECHO_C=''
ECHO_N='-n'
ECHO_T=''
EGREP='/bin/grep -E'
EXEEXT=''
FGREP='/bin/grep -F'
GREP='/bin/grep'
INSTALL_DATA='${INSTALL} -m 644'
INSTALL_PROGRAM='${INSTALL}'
INSTALL_SCRIPT='${INSTALL}'
INSTALL_STRIP_PROGRAM='$(install_sh) -c -s'
LD='/usr/bin/ld -m elf_x86_64'
LDFLAGS=''
LIBOBJS=''
LIBS='-lz -ldl -lutil -lnsl  -lpthread'
LIBTOOL='$(SHELL) $(top_builddir)/libtool'
LIBTOOL_DEPS='auto/ltmain.sh'
LIPO=''
LN_S='ln -s'
LTLIBOBJS=''
MAKEINFO='${SHELL} /home/vnimmaga/.emacs.d/elpa/stunnel-4.52/auto/missing --run makeinfo'
MKDIR_P='/bin/mkdir -p'
NM='/usr/bin/nm -B'
NMEDIT=''
OBJDUMP='objdump'
OBJEXT='o'
OTOOL64=''
OTOOL=''
PACKAGE='stunnel'
PACKAGE_BUGREPORT=''
PACKAGE_NAME='stunnel'
PACKAGE_STRING='stunnel 4.52'
PACKAGE_TARNAME='stunnel'
PACKAGE_URL=''
PACKAGE_VERSION='4.52'
PATH_SEPARATOR=':'
RANDOM_FILE='/dev/urandom'
RANLIB='ranlib'
SED='/bin/sed'
SET_MAKE=''
SHELL='/bin/bash'
SSLDIR='/usr/'
STRIP='strip'
VERSION='4.52'
ac_ct_CC='gcc'
ac_ct_DUMPBIN=''
am__EXEEXT_FALSE=''
am__EXEEXT_TRUE='#'
am__fastdepCC_FALSE='#'
am__fastdepCC_TRUE=''
am__include='include'
am__isrc=''
am__leading_dot='.'
am__quote=''
am__tar='${AMTAR} chof - "$$tardir"'
am__untar='${AMTAR} xf -'
bindir='${exec_prefix}/bin'
build='x86_64-unknown-linux-gnu'
build_alias=''
build_cpu='x86_64'
build_os='linux-gnu'
build_vendor='unknown'
datadir='${datarootdir}'
datarootdir='${prefix}/share'
docdir='${datarootdir}/doc/${PACKAGE_TARNAME}'
dvidir='${docdir}'
exec_prefix='${prefix}'
host='x86_64-unknown-linux-gnu'
host_alias=''
host_cpu='x86_64'
host_os='linux-gnu'
host_vendor='unknown'
htmldir='${docdir}'
includedir='${prefix}/include'
infodir='${datarootdir}/info'
install_sh='${SHELL} /home/vnimmaga/.emacs.d/elpa/stunnel-4.52/auto/install-sh'
libdir='${exec_prefix}/lib'
libexecdir='${exec_prefix}/libexec'
localedir='${datarootdir}/locale'
localstatedir='${prefix}/var'
lt_ECHO='echo'
mandir='${datarootdir}/man'
mkdir_p='/bin/mkdir -p'
oldincludedir='/usr/include'
pdfdir='${docdir}'
prefix='/usr/local'
program_transform_name='s,x,x,'
psdir='${docdir}'
sbindir='${exec_prefix}/sbin'
sharedstatedir='${prefix}/com'
stunnel_CFLAGS=' -pthread -fstack-protector'
stunnel_LDFLAGS=''
stunnel_LDLAGS=' -pthread -fstack-protector'
sysconfdir='${prefix}/etc'
target_alias=''

## ----------- ##
## confdefs.h. ##
## ----------- ##

/* confdefs.h */
#define PACKAGE_NAME "stunnel"
#define PACKAGE_TARNAME "stunnel"
#define PACKAGE_VERSION "4.52"
#define PACKAGE_STRING "stunnel 4.52"
#define PACKAGE_BUGREPORT ""
#define PACKAGE_URL ""
#define PACKAGE "stunnel"
#define VERSION "4.52"
#define _GNU_SOURCE 1
#define HOST "x86_64-unknown-linux-gnu"
#define CPU_X86_64 1
#define VENDOR_UNKNOWN 1
#define OS_LINUX_GNU 1
#define STDC_HEADERS 1
#define HAVE_SYS_TYPES_H 1
#define HAVE_SYS_STAT_H 1
#define HAVE_STDLIB_H 1
#define HAVE_STRING_H 1
#define HAVE_MEMORY_H 1
#define HAVE_STRINGS_H 1
#define HAVE_INTTYPES_H 1
#define HAVE_STDINT_H 1
#define HAVE_UNISTD_H 1
#define HAVE_DLFCN_H 1
#define LT_OBJDIR ".libs/"
#define SIZEOF_UNSIGNED_CHAR 1
#define SIZEOF_UNSIGNED_SHORT 2
#define SIZEOF_UNSIGNED_INT 4
#define SIZEOF_UNSIGNED_LONG 8
#define HAVE_STRUCT_SOCKADDR_UN 1
#define HAVE_STRUCT_ADDRINFO 1
#define HAVE_DEV_PTMX 1
#define RANDOM_FILE "/dev/urandom"
#define HAVE_UCONTEXT_H 1
#define HAVE_PTHREAD_H 1
#define HAVE_POLL_H 1
#define HAVE_STROPTS_H 1
#define HAVE_GRP_H 1
#define HAVE_UNISTD_H 1
#define HAVE_PTY_H 1
#define HAVE_SYS_SELECT_H 1
#define HAVE_SYS_POLL_H 1
#define HAVE_SYS_SOCKET_H 1
#define HAVE_SYS_UN_H 1
#define HAVE_SYS_IOCTL_H 1
#define HAVE_SYS_RESOURCE_H 1
#define HAVE_STRUCT_MSGHDR_MSG_CONTROL 1
#define HAVE_MSGHDR_MSG_CONTROL 1
#define HAVE_LINUX_NETFILTER_IPV4_H 1
#define HAVE_LIBPTHREAD 1
#define USE_PTHREAD 1
#define HAVE_SNPRINTF 1
#define HAVE_VSNPRINTF 1
#define HAVE_OPENPTY 1
#define HAVE_DAEMON 1
#define HAVE_WAITPID 1
#define HAVE_WAIT4 1
#define HAVE_SETSID 1
#define HAVE_SETGROUPS 1
#define HAVE_CHROOT 1
#define HAVE_SYSCONF 1
#define HAVE_GETRLIMIT 1
#define HAVE_PTHREAD_SIGMASK 1
#define HAVE_LOCALTIME_R 1
#define HAVE_GETCONTEXT 1
#define HAVE_POLL 1
#define HAVE_GETHOSTBYNAME2 1
#define HAVE_ENDHOSTENT 1
#define HAVE_GETNAMEINFO 1
#define HAVE_GETADDRINFO 1
#define HAVE_PIPE2 1
#define HAVE_ACCEPT4 1
#define USE_IPv6 1
#define SSLDIR "/usr/"

configure: exit 0
